<?xml version="1.0" encoding="UTF-8"?>
<coverage generated="1716977889831" clover="3.2.0">
  <project timestamp="1716977889831" name="All files">
    <metrics statements="114" coveredstatements="112" conditionals="19" coveredconditionals="17" methods="30" coveredmethods="23" elements="163" coveredelements="152" complexity="0" loc="114" ncloc="114" packages="8" files="8" classes="8"/>
    <package name="component.AlertDialog">
      <metrics statements="12" coveredstatements="12" conditionals="0" coveredconditionals="0" methods="2" coveredmethods="2"/>
      <file name="AlertDialog.tsx" path="C:\NEWarehouseAdmin-Frontend\src\component\AlertDialog\AlertDialog.tsx">
        <metrics statements="12" coveredstatements="12" conditionals="0" coveredconditionals="0" methods="2" coveredmethods="2"/>
        <line num="1" count="1" type="stmt"/>
        <line num="2" count="1" type="stmt"/>
        <line num="3" count="1" type="stmt"/>
        <line num="4" count="1" type="stmt"/>
        <line num="5" count="1" type="stmt"/>
        <line num="7" count="1" type="stmt"/>
        <line num="8" count="1" type="stmt"/>
        <line num="16" count="3" type="stmt"/>
        <line num="17" count="1" type="stmt"/>
        <line num="20" count="3" type="stmt"/>
        <line num="22" count="3" type="stmt"/>
        <line num="45" count="1" type="stmt"/>
      </file>
    </package>
    <package name="component.DetailsCard">
      <metrics statements="8" coveredstatements="8" conditionals="0" coveredconditionals="0" methods="1" coveredmethods="1"/>
      <file name="DetailsCard.tsx" path="C:\NEWarehouseAdmin-Frontend\src\component\DetailsCard\DetailsCard.tsx">
        <metrics statements="8" coveredstatements="8" conditionals="0" coveredconditionals="0" methods="1" coveredmethods="1"/>
        <line num="1" count="1" type="stmt"/>
        <line num="2" count="1" type="stmt"/>
        <line num="3" count="1" type="stmt"/>
        <line num="4" count="1" type="stmt"/>
        <line num="6" count="1" type="stmt"/>
        <line num="7" count="1" type="stmt"/>
        <line num="16" count="4" type="stmt"/>
        <line num="55" count="1" type="stmt"/>
      </file>
    </package>
    <package name="component.DriverSelectionGrid">
      <metrics statements="36" coveredstatements="35" conditionals="5" coveredconditionals="4" methods="11" coveredmethods="11"/>
      <file name="DriverSelectionGrid.tsx" path="C:\NEWarehouseAdmin-Frontend\src\component\DriverSelectionGrid\DriverSelectionGrid.tsx">
        <metrics statements="36" coveredstatements="35" conditionals="5" coveredconditionals="4" methods="11" coveredmethods="11"/>
        <line num="1" count="1" type="stmt"/>
        <line num="2" count="1" type="stmt"/>
        <line num="3" count="1" type="stmt"/>
        <line num="4" count="1" type="stmt"/>
        <line num="10" count="1" type="stmt"/>
        <line num="11" count="1" type="stmt"/>
        <line num="12" count="1" type="stmt"/>
        <line num="14" count="1" type="stmt"/>
        <line num="15" count="1" type="stmt"/>
        <line num="16" count="1" type="stmt"/>
        <line num="18" count="1" type="stmt"/>
        <line num="19" count="1" type="stmt"/>
        <line num="20" count="1" type="stmt"/>
        <line num="31" count="24" type="stmt"/>
        <line num="34" count="24" type="stmt"/>
        <line num="38" count="12" type="stmt"/>
        <line num="40" count="24" type="stmt"/>
        <line num="43" count="22" type="cond" truecount="2" falsecount="0"/>
        <line num="52" count="1" type="stmt"/>
        <line num="57" count="2" type="stmt"/>
        <line num="61" count="24" type="stmt"/>
        <line num="62" count="12" type="stmt"/>
        <line num="65" count="24" type="cond" truecount="1" falsecount="1"/>
        <line num="66" count="0" type="stmt"/>
        <line num="68" count="24" type="stmt"/>
        <line num="87" count="25" type="stmt"/>
        <line num="101" count="1" type="stmt"/>
        <line num="109" count="33" type="stmt"/>
        <line num="111" count="33" type="stmt"/>
        <line num="113" count="33" type="stmt"/>
        <line num="117" count="9" type="cond" truecount="1" falsecount="0"/>
        <line num="118" count="7" type="stmt"/>
        <line num="120" count="9" type="stmt"/>
        <line num="123" count="9" type="stmt"/>
        <line num="124" count="2" type="stmt"/>
        <line num="128" count="33" type="stmt"/>
      </file>
    </package>
    <package name="component.DriverSelectionGrid.DriverCard">
      <metrics statements="11" coveredstatements="11" conditionals="2" coveredconditionals="2" methods="1" coveredmethods="1"/>
      <file name="DriverCard.tsx" path="C:\NEWarehouseAdmin-Frontend\src\component\DriverSelectionGrid\DriverCard\DriverCard.tsx">
        <metrics statements="11" coveredstatements="11" conditionals="2" coveredconditionals="2" methods="1" coveredmethods="1"/>
        <line num="1" count="1" type="stmt"/>
        <line num="2" count="1" type="stmt"/>
        <line num="3" count="1" type="stmt"/>
        <line num="4" count="1" type="stmt"/>
        <line num="5" count="1" type="stmt"/>
        <line num="6" count="1" type="stmt"/>
        <line num="7" count="1" type="stmt"/>
        <line num="9" count="1" type="stmt"/>
        <line num="10" count="1" type="stmt"/>
        <line num="14" count="25" type="stmt"/>
        <line num="59" count="1" type="stmt"/>
      </file>
    </package>
    <package name="component.LanguageSelect">
      <metrics statements="29" coveredstatements="29" conditionals="8" coveredconditionals="7" methods="5" coveredmethods="5"/>
      <file name="LanguageSelect.tsx" path="C:\NEWarehouseAdmin-Frontend\src\component\LanguageSelect\LanguageSelect.tsx">
        <metrics statements="29" coveredstatements="29" conditionals="8" coveredconditionals="7" methods="5" coveredmethods="5"/>
        <line num="1" count="1" type="stmt"/>
        <line num="2" count="1" type="stmt"/>
        <line num="3" count="1" type="stmt"/>
        <line num="4" count="1" type="stmt"/>
        <line num="5" count="1" type="stmt"/>
        <line num="6" count="1" type="stmt"/>
        <line num="7" count="1" type="stmt"/>
        <line num="8" count="1" type="stmt"/>
        <line num="9" count="1" type="stmt"/>
        <line num="11" count="1" type="stmt"/>
        <line num="12" count="1" type="stmt"/>
        <line num="13" count="1" type="stmt"/>
        <line num="15" count="1" type="stmt"/>
        <line num="16" count="1" type="stmt"/>
        <line num="17" count="1" type="stmt"/>
        <line num="21" count="6" type="stmt"/>
        <line num="39" count="6" type="stmt"/>
        <line num="40" count="6" type="stmt"/>
        <line num="41" count="6" type="stmt"/>
        <line num="44" count="6" type="stmt"/>
        <line num="45" count="1" type="cond" truecount="1" falsecount="1"/>
        <line num="46" count="1" type="stmt"/>
        <line num="47" count="1" type="stmt"/>
        <line num="54" count="2" type="stmt"/>
        <line num="55" count="2" type="stmt"/>
        <line num="58" count="6" type="stmt"/>
        <line num="106" count="1" type="stmt"/>
        <line num="110" count="3" type="stmt"/>
        <line num="127" count="5" type="stmt"/>
      </file>
    </package>
    <package name="component.Timeline">
      <metrics statements="11" coveredstatements="11" conditionals="4" coveredconditionals="4" methods="3" coveredmethods="3"/>
      <file name="Timeline.tsx" path="C:\NEWarehouseAdmin-Frontend\src\component\Timeline\Timeline.tsx">
        <metrics statements="11" coveredstatements="11" conditionals="4" coveredconditionals="4" methods="3" coveredmethods="3"/>
        <line num="1" count="1" type="stmt"/>
        <line num="2" count="1" type="stmt"/>
        <line num="3" count="1" type="stmt"/>
        <line num="4" count="1" type="stmt"/>
        <line num="7" count="5" type="stmt"/>
        <line num="8" count="5" type="stmt"/>
        <line num="11" count="5" type="stmt"/>
        <line num="12" count="5" type="stmt"/>
        <line num="15" count="5" type="stmt"/>
        <line num="22" count="15" type="stmt"/>
        <line num="43" count="1" type="stmt"/>
      </file>
    </package>
    <package name="context.timeline">
      <metrics statements="3" coveredstatements="3" conditionals="0" coveredconditionals="0" methods="6" coveredmethods="0"/>
      <file name="timelineContext.ts" path="C:\NEWarehouseAdmin-Frontend\src\context\timeline\timelineContext.ts">
        <metrics statements="3" coveredstatements="3" conditionals="0" coveredconditionals="0" methods="6" coveredmethods="0"/>
        <line num="1" count="1" type="stmt"/>
        <line num="5" count="1" type="stmt"/>
        <line num="17" count="1" type="stmt"/>
      </file>
    </package>
    <package name="screens.Loading">
      <metrics statements="4" coveredstatements="3" conditionals="0" coveredconditionals="0" methods="1" coveredmethods="0"/>
      <file name="Loading.tsx" path="C:\NEWarehouseAdmin-Frontend\src\screens\Loading\Loading.tsx">
        <metrics statements="4" coveredstatements="3" conditionals="0" coveredconditionals="0" methods="1" coveredmethods="0"/>
        <line num="1" count="1" type="stmt"/>
        <line num="2" count="1" type="stmt"/>
        <line num="5" count="0" type="stmt"/>
        <line num="17" count="1" type="stmt"/>
      </file>
    </package>
  </project>
</coverage>
