{"C:\\Users\\utkarshmahajan\\Documents\\NEWarehouseAdmin-Frontend\\src\\api\\api.ts": {"path":"C:\\Users\\utkarshmahajan\\Documents\\NEWarehouseAdmin-Frontend\\src\\api\\api.ts","statementMap":{"0":{"start":{"line":1,"column":0},"end":{"line":1,"column":null}},"1":{"start":{"line":6,"column":0},"end":{"line":6,"column":32}},"2":{"start":{"line":8,"column":23},"end":{"line":8,"column":59}},"3":{"start":{"line":10,"column":13},"end":{"line":13,"column":3}},"4":{"start":{"line":15,"column":0},"end":{"line":20,"column":3}},"5":{"start":{"line":16,"column":2},"end":{"line":18,"column":3}},"6":{"start":{"line":17,"column":4},"end":{"line":17,"column":85}},"7":{"start":{"line":19,"column":2},"end":{"line":19,"column":17}},"8":{"start":{"line":22,"column":0},"end":{"line":31,"column":2}},"9":{"start":{"line":25,"column":4},"end":{"line":25,"column":20}},"10":{"start":{"line":29,"column":4},"end":{"line":29,"column":33}}},"fnMap":{"0":{"name":"(anonymous_0)","decl":{"start":{"line":15,"column":29},"end":{"line":15,"column":30}},"loc":{"start":{"line":15,"column":69},"end":{"line":20,"column":1}}},"1":{"name":"(anonymous_1)","decl":{"start":{"line":23,"column":2},"end":{"line":23,"column":3}},"loc":{"start":{"line":23,"column":30},"end":{"line":26,"column":3}}},"2":{"name":"(anonymous_2)","decl":{"start":{"line":27,"column":2},"end":{"line":27,"column":3}},"loc":{"start":{"line":27,"column":32},"end":{"line":30,"column":3}}}},"branchMap":{"0":{"loc":{"start":{"line":16,"column":2},"end":{"line":18,"column":3}},"type":"if","locations":[{"start":{"line":16,"column":2},"end":{"line":18,"column":3}}]}},"s":{"0":1,"1":1,"2":1,"3":1,"4":1,"5":11,"6":0,"7":11,"8":1,"9":11,"10":0},"f":{"0":11,"1":11,"2":0},"b":{"0":[0]}}
,"C:\\Users\\utkarshmahajan\\Documents\\NEWarehouseAdmin-Frontend\\src\\api\\config.ts": {"path":"C:\\Users\\utkarshmahajan\\Documents\\NEWarehouseAdmin-Frontend\\src\\api\\config.ts","statementMap":{"0":{"start":{"line":1,"column":13},"end":{"line":1,"column":79}}},"fnMap":{},"branchMap":{},"s":{"0":1},"f":{},"b":{}}
,"C:\\Users\\utkarshmahajan\\Documents\\NEWarehouseAdmin-Frontend\\src\\component\\AlertDialog\\AlertDialog.tsx": {"path":"C:\\Users\\utkarshmahajan\\Documents\\NEWarehouseAdmin-Frontend\\src\\component\\AlertDialog\\AlertDialog.tsx","statementMap":{"0":{"start":{"line":1,"column":0},"end":{"line":1,"column":42}},"1":{"start":{"line":2,"column":0},"end":{"line":2,"column":42}},"2":{"start":{"line":3,"column":0},"end":{"line":3,"column":56}},"3":{"start":{"line":4,"column":0},"end":{"line":4,"column":56}},"4":{"start":{"line":5,"column":0},"end":{"line":5,"column":64}},"5":{"start":{"line":7,"column":0},"end":{"line":7,"column":55}},"6":{"start":{"line":8,"column":0},"end":{"line":8,"column":45}},"7":{"start":{"line":16,"column":22},"end":{"line":18,"column":3}},"8":{"start":{"line":17,"column":4},"end":{"line":17,"column":25}},"9":{"start":{"line":20,"column":14},"end":{"line":20,"column":30}},"10":{"start":{"line":22,"column":2},"end":{"line":42,"column":4}},"11":{"start":{"line":45,"column":0},"end":{"line":45,"column":27}}},"fnMap":{"0":{"name":"AlertDialog","decl":{"start":{"line":10,"column":9},"end":{"line":10,"column":20}},"loc":{"start":{"line":15,"column":19},"end":{"line":43,"column":1}}},"1":{"name":"(anonymous_1)","decl":{"start":{"line":16,"column":22},"end":{"line":16,"column":25}},"loc":{"start":{"line":16,"column":27},"end":{"line":18,"column":3}}}},"branchMap":{},"s":{"0":1,"1":1,"2":1,"3":1,"4":1,"5":1,"6":1,"7":49,"8":0,"9":49,"10":49,"11":1},"f":{"0":49,"1":0},"b":{}}
,"C:\\Users\\utkarshmahajan\\Documents\\NEWarehouseAdmin-Frontend\\src\\component\\BlackButton\\BlackButton.tsx": {"path":"C:\\Users\\utkarshmahajan\\Documents\\NEWarehouseAdmin-Frontend\\src\\component\\BlackButton\\BlackButton.tsx","statementMap":{"0":{"start":{"line":1,"column":0},"end":{"line":1,"column":37}},"1":{"start":{"line":2,"column":0},"end":{"line":2,"column":42}},"2":{"start":{"line":4,"column":20},"end":{"line":10,"column":2}},"3":{"start":{"line":12,"column":0},"end":{"line":12,"column":27}}},"fnMap":{},"branchMap":{},"s":{"0":1,"1":1,"2":1,"3":1},"f":{},"b":{}}
,"C:\\Users\\utkarshmahajan\\Documents\\NEWarehouseAdmin-Frontend\\src\\component\\ColumnHeader\\ColumnHeader.tsx": {"path":"C:\\Users\\utkarshmahajan\\Documents\\NEWarehouseAdmin-Frontend\\src\\component\\ColumnHeader\\ColumnHeader.tsx","statementMap":{"0":{"start":{"line":1,"column":0},"end":{"line":1,"column":45}},"1":{"start":{"line":5,"column":14},"end":{"line":5,"column":30}},"2":{"start":{"line":7,"column":2},"end":{"line":7,"column":30}},"3":{"start":{"line":4,"column":0},"end":{"line":4,"column":24}}},"fnMap":{"0":{"name":"ColumnHeader","decl":{"start":{"line":4,"column":24},"end":{"line":4,"column":36}},"loc":{"start":{"line":4,"column":68},"end":{"line":8,"column":1}}}},"branchMap":{},"s":{"0":1,"1":49,"2":49,"3":1},"f":{"0":49},"b":{}}
,"C:\\Users\\utkarshmahajan\\Documents\\NEWarehouseAdmin-Frontend\\src\\component\\DriverSelectionGrid\\DriverSelectionGrid.tsx": {"path":"C:\\Users\\utkarshmahajan\\Documents\\NEWarehouseAdmin-Frontend\\src\\component\\DriverSelectionGrid\\DriverSelectionGrid.tsx","statementMap":{"0":{"start":{"line":1,"column":0},"end":{"line":1,"column":50}},"1":{"start":{"line":2,"column":0},"end":{"line":2,"column":36}},"2":{"start":{"line":3,"column":0},"end":{"line":3,"column":54}},"3":{"start":{"line":4,"column":0},"end":{"line":4,"column":64}},"4":{"start":{"line":10,"column":0},"end":{"line":10,"column":50}},"5":{"start":{"line":11,"column":0},"end":{"line":11,"column":53}},"6":{"start":{"line":12,"column":0},"end":{"line":12,"column":36}},"7":{"start":{"line":14,"column":0},"end":{"line":14,"column":55}},"8":{"start":{"line":15,"column":0},"end":{"line":15,"column":53}},"9":{"start":{"line":16,"column":0},"end":{"line":16,"column":51}},"10":{"start":{"line":18,"column":0},"end":{"line":18,"column":47}},"11":{"start":{"line":19,"column":0},"end":{"line":19,"column":75}},"12":{"start":{"line":20,"column":0},"end":{"line":20,"column":45}},"13":{"start":{"line":31,"column":44},"end":{"line":31,"column":66}},"14":{"start":{"line":33,"column":38},"end":{"line":33,"column":50}},"15":{"start":{"line":37,"column":4},"end":{"line":45,"column":6}},"16":{"start":{"line":39,"column":26},"end":{"line":39,"column":58}},"17":{"start":{"line":42,"column":12},"end":{"line":43,"column":62}},"18":{"start":{"line":51,"column":4},"end":{"line":51,"column":28}},"19":{"start":{"line":56,"column":4},"end":{"line":56,"column":31}},"20":{"start":{"line":60,"column":2},"end":{"line":62,"column":44}},"21":{"start":{"line":61,"column":4},"end":{"line":61,"column":34}},"22":{"start":{"line":64,"column":2},"end":{"line":97,"column":3}},"23":{"start":{"line":65,"column":4},"end":{"line":65,"column":23}},"24":{"start":{"line":67,"column":4},"end":{"line":96,"column":6}},"25":{"start":{"line":86,"column":12},"end":{"line":92,"column":14}},"26":{"start":{"line":100,"column":0},"end":{"line":100,"column":35}},"27":{"start":{"line":108,"column":14},"end":{"line":108,"column":30}},"28":{"start":{"line":110,"column":40},"end":{"line":110,"column":52}},"29":{"start":{"line":112,"column":24},"end":{"line":112,"column":59}},"30":{"start":{"line":116,"column":4},"end":{"line":118,"column":5}},"31":{"start":{"line":117,"column":6},"end":{"line":117,"column":42}},"32":{"start":{"line":119,"column":4},"end":{"line":119,"column":53}},"33":{"start":{"line":122,"column":4},"end":{"line":124,"column":12}},"34":{"start":{"line":123,"column":6},"end":{"line":123,"column":39}},"35":{"start":{"line":127,"column":2},"end":{"line":169,"column":4}}},"fnMap":{"0":{"name":"DriverSelectionGrid","decl":{"start":{"line":22,"column":9},"end":{"line":22,"column":28}},"loc":{"start":{"line":29,"column":27},"end":{"line":98,"column":1}}},"1":{"name":"filterDriverArray","decl":{"start":{"line":36,"column":11},"end":{"line":36,"column":28}},"loc":{"start":{"line":36,"column":47},"end":{"line":46,"column":3}}},"2":{"name":"(anonymous_2)","decl":{"start":{"line":39,"column":16},"end":{"line":39,"column":22}},"loc":{"start":{"line":39,"column":26},"end":{"line":39,"column":58}}},"3":{"name":"(anonymous_3)","decl":{"start":{"line":41,"column":10},"end":{"line":41,"column":16}},"loc":{"start":{"line":42,"column":12},"end":{"line":43,"column":62}}},"4":{"name":"handleDriverTypeChange","decl":{"start":{"line":47,"column":11},"end":{"line":47,"column":33}},"loc":{"start":{"line":49,"column":47},"end":{"line":52,"column":3}}},"5":{"name":"searchDriver","decl":{"start":{"line":55,"column":11},"end":{"line":55,"column":23}},"loc":{"start":{"line":55,"column":43},"end":{"line":57,"column":3}}},"6":{"name":"(anonymous_6)","decl":{"start":{"line":60,"column":12},"end":{"line":60,"column":15}},"loc":{"start":{"line":60,"column":17},"end":{"line":62,"column":3}}},"7":{"name":"(anonymous_7)","decl":{"start":{"line":85,"column":29},"end":{"line":85,"column":35}},"loc":{"start":{"line":85,"column":38},"end":{"line":93,"column":11}}},"8":{"name":"DriverNameGridHeader","decl":{"start":{"line":103,"column":9},"end":{"line":103,"column":29}},"loc":{"start":{"line":107,"column":28},"end":{"line":170,"column":1}}},"9":{"name":"handleSearchInput","decl":{"start":{"line":113,"column":11},"end":{"line":113,"column":28}},"loc":{"start":{"line":113,"column":65},"end":{"line":125,"column":3}}},"10":{"name":"(anonymous_10)","decl":{"start":{"line":122,"column":39},"end":{"line":122,"column":42}},"loc":{"start":{"line":122,"column":44},"end":{"line":124,"column":5}}}},"branchMap":{"0":{"loc":{"start":{"line":42,"column":12},"end":{"line":43,"column":62}},"type":"binary-expr","locations":[{"start":{"line":42,"column":12},"end":{"line":42,"column":64}},{"start":{"line":43,"column":12},"end":{"line":43,"column":62}}]},"1":{"loc":{"start":{"line":64,"column":2},"end":{"line":97,"column":3}},"type":"if","locations":[{"start":{"line":64,"column":2},"end":{"line":97,"column":3}},{"start":{"line":66,"column":9},"end":{"line":97,"column":3}}]},"2":{"loc":{"start":{"line":116,"column":4},"end":{"line":118,"column":5}},"type":"if","locations":[{"start":{"line":116,"column":4},"end":{"line":118,"column":5}}]}},"s":{"0":1,"1":1,"2":1,"3":1,"4":1,"5":1,"6":1,"7":1,"8":1,"9":1,"10":1,"11":1,"12":1,"13":40,"14":40,"15":14,"16":14,"17":14,"18":0,"19":0,"20":40,"21":14,"22":40,"23":14,"24":26,"25":38,"26":1,"27":26,"28":26,"29":26,"30":0,"31":0,"32":0,"33":0,"34":0,"35":26},"f":{"0":40,"1":14,"2":14,"3":14,"4":0,"5":0,"6":14,"7":38,"8":26,"9":0,"10":0},"b":{"0":[14,0],"1":[14,26],"2":[0]}}
,"C:\\Users\\utkarshmahajan\\Documents\\NEWarehouseAdmin-Frontend\\src\\component\\DriverSelectionGrid\\DriverCard\\DriverCard.tsx": {"path":"C:\\Users\\utkarshmahajan\\Documents\\NEWarehouseAdmin-Frontend\\src\\component\\DriverSelectionGrid\\DriverCard\\DriverCard.tsx","statementMap":{"0":{"start":{"line":1,"column":0},"end":{"line":1,"column":40}},"1":{"start":{"line":2,"column":0},"end":{"line":2,"column":41}},"2":{"start":{"line":3,"column":0},"end":{"line":3,"column":42}},"3":{"start":{"line":4,"column":0},"end":{"line":4,"column":40}},"4":{"start":{"line":5,"column":0},"end":{"line":5,"column":40}},"5":{"start":{"line":6,"column":0},"end":{"line":6,"column":62}},"6":{"start":{"line":7,"column":0},"end":{"line":7,"column":36}},"7":{"start":{"line":9,"column":0},"end":{"line":9,"column":27}},"8":{"start":{"line":10,"column":0},"end":{"line":10,"column":55}},"9":{"start":{"line":14,"column":2},"end":{"line":56,"column":4}},"10":{"start":{"line":59,"column":0},"end":{"line":59,"column":26}}},"fnMap":{"0":{"name":"DriverCard","decl":{"start":{"line":13,"column":9},"end":{"line":13,"column":19}},"loc":{"start":{"line":13,"column":63},"end":{"line":57,"column":1}}}},"branchMap":{"0":{"loc":{"start":{"line":17,"column":32},"end":{"line":17,"column":85}},"type":"cond-expr","locations":[{"start":{"line":17,"column":70},"end":{"line":17,"column":80}},{"start":{"line":17,"column":83},"end":{"line":17,"column":85}}]}},"s":{"0":1,"1":1,"2":1,"3":1,"4":1,"5":1,"6":1,"7":1,"8":1,"9":38,"10":1},"f":{"0":38},"b":{"0":[0,38]}}
,"C:\\Users\\utkarshmahajan\\Documents\\NEWarehouseAdmin-Frontend\\src\\component\\LanguageSelect\\LanguageSelect.tsx": {"path":"C:\\Users\\utkarshmahajan\\Documents\\NEWarehouseAdmin-Frontend\\src\\component\\LanguageSelect\\LanguageSelect.tsx","statementMap":{"0":{"start":{"line":1,"column":0},"end":{"line":1,"column":38}},"1":{"start":{"line":2,"column":0},"end":{"line":2,"column":58}},"2":{"start":{"line":3,"column":0},"end":{"line":3,"column":54}},"3":{"start":{"line":4,"column":0},"end":{"line":4,"column":54}},"4":{"start":{"line":5,"column":0},"end":{"line":5,"column":46}},"5":{"start":{"line":6,"column":0},"end":{"line":6,"column":42}},"6":{"start":{"line":7,"column":0},"end":{"line":7,"column":42}},"7":{"start":{"line":8,"column":0},"end":{"line":8,"column":56}},"8":{"start":{"line":9,"column":0},"end":{"line":9,"column":56}},"9":{"start":{"line":11,"column":0},"end":{"line":11,"column":47}},"10":{"start":{"line":12,"column":0},"end":{"line":12,"column":49}},"11":{"start":{"line":13,"column":0},"end":{"line":13,"column":31}},"12":{"start":{"line":15,"column":0},"end":{"line":15,"column":43}},"13":{"start":{"line":16,"column":0},"end":{"line":16,"column":45}},"14":{"start":{"line":17,"column":0},"end":{"line":17,"column":55}},"15":{"start":{"line":21,"column":17},"end":{"line":36,"column":4}},"16":{"start":{"line":39,"column":6},"end":{"line":39,"column":22}},"17":{"start":{"line":40,"column":26},"end":{"line":40,"column":41}},"18":{"start":{"line":41,"column":48},"end":{"line":41,"column":66}},"19":{"start":{"line":44,"column":22},"end":{"line":48,"column":3}},"20":{"start":{"line":45,"column":24},"end":{"line":45,"column":62}},"21":{"start":{"line":46,"column":4},"end":{"line":46,"column":36}},"22":{"start":{"line":47,"column":4},"end":{"line":47,"column":32}},"23":{"start":{"line":54,"column":4},"end":{"line":54,"column":28}},"24":{"start":{"line":55,"column":4},"end":{"line":55,"column":19}},"25":{"start":{"line":58,"column":2},"end":{"line":103,"column":4}},"26":{"start":{"line":106,"column":0},"end":{"line":106,"column":30}},"27":{"start":{"line":110,"column":2},"end":{"line":124,"column":4}},"28":{"start":{"line":127,"column":2},"end":{"line":140,"column":4}}},"fnMap":{"0":{"name":"LanguageSelect","decl":{"start":{"line":19,"column":9},"end":{"line":19,"column":23}},"loc":{"start":{"line":19,"column":23},"end":{"line":104,"column":1}}},"1":{"name":"(anonymous_1)","decl":{"start":{"line":44,"column":22},"end":{"line":44,"column":25}},"loc":{"start":{"line":44,"column":27},"end":{"line":48,"column":3}}},"2":{"name":"handleToggle","decl":{"start":{"line":51,"column":11},"end":{"line":51,"column":23}},"loc":{"start":{"line":52,"column":63},"end":{"line":56,"column":3}}},"3":{"name":"FrenchButton","decl":{"start":{"line":109,"column":9},"end":{"line":109,"column":21}},"loc":{"start":{"line":109,"column":21},"end":{"line":125,"column":1}}},"4":{"name":"EnglishButton","decl":{"start":{"line":126,"column":9},"end":{"line":126,"column":22}},"loc":{"start":{"line":126,"column":22},"end":{"line":141,"column":1}}}},"branchMap":{"0":{"loc":{"start":{"line":45,"column":24},"end":{"line":45,"column":62}},"type":"cond-expr","locations":[{"start":{"line":45,"column":51},"end":{"line":45,"column":55}},{"start":{"line":45,"column":58},"end":{"line":45,"column":62}}]},"1":{"loc":{"start":{"line":68,"column":11},"end":{"line":68,"column":74}},"type":"cond-expr","locations":[{"start":{"line":68,"column":38},"end":{"line":68,"column":55}},{"start":{"line":68,"column":58},"end":{"line":68,"column":74}}]},"2":{"loc":{"start":{"line":85,"column":13},"end":{"line":85,"column":68}},"type":"cond-expr","locations":[{"start":{"line":85,"column":20},"end":{"line":85,"column":51}},{"start":{"line":85,"column":54},"end":{"line":85,"column":68}}]},"3":{"loc":{"start":{"line":97,"column":15},"end":{"line":97,"column":78}},"type":"cond-expr","locations":[{"start":{"line":97,"column":42},"end":{"line":97,"column":59}},{"start":{"line":97,"column":62},"end":{"line":97,"column":78}}]}},"s":{"0":1,"1":1,"2":1,"3":1,"4":1,"5":1,"6":1,"7":1,"8":1,"9":1,"10":1,"11":1,"12":1,"13":1,"14":1,"15":49,"16":49,"17":49,"18":49,"19":49,"20":0,"21":0,"22":0,"23":0,"24":0,"25":49,"26":1,"27":0,"28":49},"f":{"0":49,"1":0,"2":0,"3":0,"4":49},"b":{"0":[0,0],"1":[49,0],"2":[0,49],"3":[0,49]}}
,"C:\\Users\\utkarshmahajan\\Documents\\NEWarehouseAdmin-Frontend\\src\\component\\PageHeading\\PageHeading.tsx": {"path":"C:\\Users\\utkarshmahajan\\Documents\\NEWarehouseAdmin-Frontend\\src\\component\\PageHeading\\PageHeading.tsx","statementMap":{"0":{"start":{"line":2,"column":0},"end":{"line":2,"column":50}},"1":{"start":{"line":3,"column":0},"end":{"line":3,"column":36}},"2":{"start":{"line":6,"column":0},"end":{"line":6,"column":55}},"3":{"start":{"line":9,"column":2},"end":{"line":26,"column":4}},"4":{"start":{"line":29,"column":0},"end":{"line":29,"column":27}}},"fnMap":{"0":{"name":"PageHeading","decl":{"start":{"line":8,"column":9},"end":{"line":8,"column":20}},"loc":{"start":{"line":8,"column":60},"end":{"line":27,"column":1}}}},"branchMap":{},"s":{"0":1,"1":1,"2":1,"3":49,"4":1},"f":{"0":49},"b":{}}
,"C:\\Users\\utkarshmahajan\\Documents\\NEWarehouseAdmin-Frontend\\src\\component\\ScreenLayout\\ScreenLayout.tsx": {"path":"C:\\Users\\utkarshmahajan\\Documents\\NEWarehouseAdmin-Frontend\\src\\component\\ScreenLayout\\ScreenLayout.tsx","statementMap":{"0":{"start":{"line":1,"column":0},"end":{"line":1,"column":38}},"1":{"start":{"line":2,"column":0},"end":{"line":2,"column":55}},"2":{"start":{"line":6,"column":2},"end":{"line":20,"column":4}},"3":{"start":{"line":22,"column":0},"end":{"line":22,"column":28}}},"fnMap":{"0":{"name":"ScreenLayout","decl":{"start":{"line":5,"column":9},"end":{"line":5,"column":21}},"loc":{"start":{"line":5,"column":51},"end":{"line":21,"column":1}}}},"branchMap":{},"s":{"0":1,"1":1,"2":49,"3":1},"f":{"0":49},"b":{}}
,"C:\\Users\\utkarshmahajan\\Documents\\NEWarehouseAdmin-Frontend\\src\\component\\SidebarNew\\Sidebar.tsx": {"path":"C:\\Users\\utkarshmahajan\\Documents\\NEWarehouseAdmin-Frontend\\src\\component\\SidebarNew\\Sidebar.tsx","statementMap":{"0":{"start":{"line":1,"column":0},"end":{"line":1,"column":42}},"1":{"start":{"line":2,"column":0},"end":{"line":2,"column":36}},"2":{"start":{"line":3,"column":0},"end":{"line":3,"column":24}},"3":{"start":{"line":4,"column":0},"end":{"line":4,"column":51}},"4":{"start":{"line":5,"column":0},"end":{"line":5,"column":46}},"5":{"start":{"line":6,"column":0},"end":{"line":6,"column":47}},"6":{"start":{"line":7,"column":0},"end":{"line":7,"column":50}},"7":{"start":{"line":8,"column":0},"end":{"line":8,"column":45}},"8":{"start":{"line":10,"column":16},"end":{"line":51,"column":1}},"9":{"start":{"line":11,"column":14},"end":{"line":11,"column":30}},"10":{"start":{"line":12,"column":19},"end":{"line":12,"column":32}},"11":{"start":{"line":14,"column":2},"end":{"line":50,"column":4}},"12":{"start":{"line":22,"column":10},"end":{"line":22,"column":53}},"13":{"start":{"line":29,"column":14},"end":{"line":29,"column":35}},"14":{"start":{"line":30,"column":14},"end":{"line":30,"column":28}},"15":{"start":{"line":53,"column":0},"end":{"line":53,"column":23}}},"fnMap":{"0":{"name":"(anonymous_0)","decl":{"start":{"line":10,"column":16},"end":{"line":10,"column":19}},"loc":{"start":{"line":10,"column":21},"end":{"line":51,"column":1}}},"1":{"name":"(anonymous_1)","decl":{"start":{"line":21,"column":25},"end":{"line":21,"column":26}},"loc":{"start":{"line":21,"column":41},"end":{"line":23,"column":9}}},"2":{"name":"(anonymous_2)","decl":{"start":{"line":28,"column":21},"end":{"line":28,"column":24}},"loc":{"start":{"line":28,"column":26},"end":{"line":31,"column":13}}}},"branchMap":{},"s":{"0":1,"1":1,"2":1,"3":1,"4":1,"5":1,"6":1,"7":1,"8":1,"9":49,"10":49,"11":49,"12":147,"13":0,"14":0,"15":1},"f":{"0":49,"1":147,"2":0},"b":{}}
,"C:\\Users\\utkarshmahajan\\Documents\\NEWarehouseAdmin-Frontend\\src\\component\\SidebarNew\\SidebarData.tsx": {"path":"C:\\Users\\utkarshmahajan\\Documents\\NEWarehouseAdmin-Frontend\\src\\component\\SidebarNew\\SidebarData.tsx","statementMap":{"0":{"start":{"line":1,"column":0},"end":{"line":1,"column":49}},"1":{"start":{"line":2,"column":0},"end":{"line":2,"column":43}},"2":{"start":{"line":3,"column":0},"end":{"line":3,"column":43}},"3":{"start":{"line":5,"column":0},"end":{"line":5,"column":74}},"4":{"start":{"line":6,"column":0},"end":{"line":6,"column":70}},"5":{"start":{"line":7,"column":0},"end":{"line":7,"column":66}},"6":{"start":{"line":8,"column":0},"end":{"line":8,"column":64}},"7":{"start":{"line":11,"column":13},"end":{"line":44,"column":2}}},"fnMap":{},"branchMap":{},"s":{"0":1,"1":1,"2":1,"3":1,"4":1,"5":1,"6":1,"7":1},"f":{},"b":{}}
,"C:\\Users\\utkarshmahajan\\Documents\\NEWarehouseAdmin-Frontend\\src\\component\\SidebarNew\\SubMenu.tsx": {"path":"C:\\Users\\utkarshmahajan\\Documents\\NEWarehouseAdmin-Frontend\\src\\component\\SidebarNew\\SubMenu.tsx","statementMap":{"0":{"start":{"line":1,"column":0},"end":{"line":1,"column":31}},"1":{"start":{"line":2,"column":0},"end":{"line":2,"column":38}},"2":{"start":{"line":3,"column":0},"end":{"line":3,"column":24}},"3":{"start":{"line":4,"column":0},"end":{"line":4,"column":45}},"4":{"start":{"line":6,"column":0},"end":{"line":6,"column":41}},"5":{"start":{"line":8,"column":16},"end":{"line":57,"column":1}},"6":{"start":{"line":9,"column":30},"end":{"line":9,"column":45}},"7":{"start":{"line":10,"column":21},"end":{"line":10,"column":45}},"8":{"start":{"line":10,"column":27},"end":{"line":10,"column":45}},"9":{"start":{"line":11,"column":14},"end":{"line":11,"column":30}},"10":{"start":{"line":13,"column":2},"end":{"line":56,"column":4}},"11":{"start":{"line":48,"column":10},"end":{"line":53,"column":12}},"12":{"start":{"line":59,"column":0},"end":{"line":59,"column":23}}},"fnMap":{"0":{"name":"(anonymous_0)","decl":{"start":{"line":8,"column":16},"end":{"line":8,"column":17}},"loc":{"start":{"line":8,"column":41},"end":{"line":57,"column":1}}},"1":{"name":"(anonymous_1)","decl":{"start":{"line":10,"column":21},"end":{"line":10,"column":24}},"loc":{"start":{"line":10,"column":27},"end":{"line":10,"column":45}}},"2":{"name":"(anonymous_2)","decl":{"start":{"line":47,"column":24},"end":{"line":47,"column":25}},"loc":{"start":{"line":47,"column":40},"end":{"line":54,"column":9}}}},"branchMap":{"0":{"loc":{"start":{"line":15,"column":7},"end":{"line":43,"column":null}},"type":"cond-expr","locations":[{"start":{"line":16,"column":8},"end":{"line":32,"column":null}},{"start":{"line":35,"column":8},"end":{"line":42,"column":null}}]},"1":{"loc":{"start":{"line":21,"column":19},"end":{"line":21,"column":44}},"type":"binary-expr","locations":[{"start":{"line":21,"column":19},"end":{"line":21,"column":30}},{"start":{"line":21,"column":34},"end":{"line":21,"column":44}}]},"2":{"loc":{"start":{"line":27,"column":13},"end":{"line":31,"column":22}},"type":"cond-expr","locations":[{"start":{"line":28,"column":16},"end":{"line":28,"column":31}},{"start":{"line":29,"column":16},"end":{"line":31,"column":22}}]},"3":{"loc":{"start":{"line":27,"column":13},"end":{"line":27,"column":34}},"type":"binary-expr","locations":[{"start":{"line":27,"column":13},"end":{"line":27,"column":24}},{"start":{"line":27,"column":28},"end":{"line":27,"column":34}}]},"4":{"loc":{"start":{"line":29,"column":16},"end":{"line":31,"column":22}},"type":"cond-expr","locations":[{"start":{"line":30,"column":18},"end":{"line":30,"column":33}},{"start":{"line":31,"column":18},"end":{"line":31,"column":22}}]},"5":{"loc":{"start":{"line":38,"column":19},"end":{"line":38,"column":44}},"type":"binary-expr","locations":[{"start":{"line":38,"column":19},"end":{"line":38,"column":30}},{"start":{"line":38,"column":34},"end":{"line":38,"column":44}}]},"6":{"loc":{"start":{"line":45,"column":7},"end":{"line":54,"column":10}},"type":"binary-expr","locations":[{"start":{"line":45,"column":7},"end":{"line":45,"column":13}},{"start":{"line":46,"column":8},"end":{"line":46,"column":19}},{"start":{"line":47,"column":8},"end":{"line":54,"column":10}}]}},"s":{"0":1,"1":1,"2":1,"3":1,"4":1,"5":1,"6":147,"7":147,"8":0,"9":147,"10":147,"11":0,"12":1},"f":{"0":147,"1":0,"2":0},"b":{"0":[49,98],"1":[49,49],"2":[0,49],"3":[49,49],"4":[49,0],"5":[98,0],"6":[147,0,0]}}
,"C:\\Users\\utkarshmahajan\\Documents\\NEWarehouseAdmin-Frontend\\src\\component\\Table\\Table.tsx": {"path":"C:\\Users\\utkarshmahajan\\Documents\\NEWarehouseAdmin-Frontend\\src\\component\\Table\\Table.tsx","statementMap":{"0":{"start":{"line":1,"column":0},"end":{"line":1,"column":null}},"1":{"start":{"line":10,"column":0},"end":{"line":10,"column":36}},"2":{"start":{"line":11,"column":0},"end":{"line":11,"column":44}},"3":{"start":{"line":14,"column":0},"end":{"line":14,"column":22}},"4":{"start":{"line":16,"column":0},"end":{"line":16,"column":55}},"5":{"start":{"line":18,"column":26},"end":{"line":45,"column":3}},"6":{"start":{"line":18,"column":54},"end":{"line":45,"column":2}},"7":{"start":{"line":48,"column":2},"end":{"line":90,"column":4}},"8":{"start":{"line":94,"column":2},"end":{"line":94,"column":74}},"9":{"start":{"line":98,"column":2},"end":{"line":108,"column":4}},"10":{"start":{"line":120,"column":2},"end":{"line":181,"column":4}},"11":{"start":{"line":126,"column":10},"end":{"line":126,"column":74}},"12":{"start":{"line":136,"column":26},"end":{"line":136,"column":32}},"13":{"start":{"line":137,"column":35},"end":{"line":137,"column":37}},"14":{"start":{"line":111,"column":0},"end":{"line":111,"column":24}}},"fnMap":{"0":{"name":"(anonymous_0)","decl":{"start":{"line":18,"column":40},"end":{"line":18,"column":41}},"loc":{"start":{"line":18,"column":54},"end":{"line":45,"column":2}}},"1":{"name":"CustomNoRowsOverlay","decl":{"start":{"line":47,"column":9},"end":{"line":47,"column":28}},"loc":{"start":{"line":47,"column":28},"end":{"line":91,"column":1}}},"2":{"name":"CustomFilterItem","decl":{"start":{"line":93,"column":9},"end":{"line":93,"column":25}},"loc":{"start":{"line":93,"column":56},"end":{"line":95,"column":1}}},"3":{"name":"CustomColumnMenu","decl":{"start":{"line":97,"column":9},"end":{"line":97,"column":25}},"loc":{"start":{"line":97,"column":52},"end":{"line":109,"column":1}}},"4":{"name":"Table","decl":{"start":{"line":111,"column":24},"end":{"line":111,"column":29}},"loc":{"start":{"line":119,"column":13},"end":{"line":182,"column":1}}},"5":{"name":"(anonymous_5)","decl":{"start":{"line":125,"column":24},"end":{"line":125,"column":27}},"loc":{"start":{"line":125,"column":29},"end":{"line":127,"column":9}}},"6":{"name":"(anonymous_6)","decl":{"start":{"line":136,"column":20},"end":{"line":136,"column":23}},"loc":{"start":{"line":136,"column":26},"end":{"line":136,"column":32}}},"7":{"name":"(anonymous_7)","decl":{"start":{"line":137,"column":29},"end":{"line":137,"column":32}},"loc":{"start":{"line":137,"column":35},"end":{"line":137,"column":37}}}},"branchMap":{"0":{"loc":{"start":{"line":26,"column":10},"end":{"line":26,"column":78}},"type":"cond-expr","locations":[{"start":{"line":26,"column":43},"end":{"line":26,"column":60}},{"start":{"line":26,"column":63},"end":{"line":26,"column":78}}]},"1":{"loc":{"start":{"line":30,"column":6},"end":{"line":32,"column":25}},"type":"cond-expr","locations":[{"start":{"line":31,"column":10},"end":{"line":31,"column":34}},{"start":{"line":32,"column":10},"end":{"line":32,"column":25}}]},"2":{"loc":{"start":{"line":35,"column":10},"end":{"line":35,"column":78}},"type":"cond-expr","locations":[{"start":{"line":35,"column":43},"end":{"line":35,"column":60}},{"start":{"line":35,"column":63},"end":{"line":35,"column":78}}]},"3":{"loc":{"start":{"line":38,"column":10},"end":{"line":38,"column":77}},"type":"cond-expr","locations":[{"start":{"line":38,"column":43},"end":{"line":38,"column":59}},{"start":{"line":38,"column":62},"end":{"line":38,"column":77}}]},"4":{"loc":{"start":{"line":41,"column":17},"end":{"line":41,"column":64}},"type":"cond-expr","locations":[{"start":{"line":41,"column":50},"end":{"line":41,"column":55}},{"start":{"line":41,"column":58},"end":{"line":41,"column":64}}]},"5":{"loc":{"start":{"line":43,"column":6},"end":{"line":43,"column":77}},"type":"cond-expr","locations":[{"start":{"line":43,"column":39},"end":{"line":43,"column":58}},{"start":{"line":43,"column":61},"end":{"line":43,"column":77}}]},"6":{"loc":{"start":{"line":118,"column":2},"end":{"line":118,"column":17}},"type":"default-arg","locations":[{"start":{"line":118,"column":14},"end":{"line":118,"column":17}}]}},"s":{"0":1,"1":1,"2":1,"3":1,"4":1,"5":1,"6":23,"7":23,"8":0,"9":0,"10":15,"11":0,"12":75,"13":40,"14":1},"f":{"0":23,"1":23,"2":0,"3":0,"4":15,"5":0,"6":75,"7":40},"b":{"0":[23,0],"1":[23,0],"2":[23,0],"3":[23,0],"4":[23,0],"5":[23,0],"6":[15]}}
,"C:\\Users\\utkarshmahajan\\Documents\\NEWarehouseAdmin-Frontend\\src\\component\\Timeline\\Timeline.tsx": {"path":"C:\\Users\\utkarshmahajan\\Documents\\NEWarehouseAdmin-Frontend\\src\\component\\Timeline\\Timeline.tsx","statementMap":{"0":{"start":{"line":1,"column":0},"end":{"line":1,"column":44}},"1":{"start":{"line":2,"column":0},"end":{"line":2,"column":63}},"2":{"start":{"line":3,"column":0},"end":{"line":3,"column":45}},"3":{"start":{"line":4,"column":0},"end":{"line":4,"column":25}},"4":{"start":{"line":7,"column":14},"end":{"line":7,"column":30}},"5":{"start":{"line":8,"column":46},"end":{"line":8,"column":73}},"6":{"start":{"line":11,"column":2},"end":{"line":13,"column":9}},"7":{"start":{"line":12,"column":4},"end":{"line":12,"column":20}},"8":{"start":{"line":15,"column":2},"end":{"line":40,"column":4}},"9":{"start":{"line":22,"column":12},"end":{"line":22,"column":25}},"10":{"start":{"line":43,"column":0},"end":{"line":43,"column":24}}},"fnMap":{"0":{"name":"Timeline","decl":{"start":{"line":6,"column":9},"end":{"line":6,"column":17}},"loc":{"start":{"line":6,"column":17},"end":{"line":41,"column":1}}},"1":{"name":"(anonymous_1)","decl":{"start":{"line":11,"column":12},"end":{"line":11,"column":15}},"loc":{"start":{"line":11,"column":17},"end":{"line":13,"column":3}}},"2":{"name":"(anonymous_2)","decl":{"start":{"line":19,"column":22},"end":{"line":19,"column":23}},"loc":{"start":{"line":22,"column":12},"end":{"line":22,"column":25}}}},"branchMap":{"0":{"loc":{"start":{"line":25,"column":17},"end":{"line":27,"column":24}},"type":"cond-expr","locations":[{"start":{"line":26,"column":18},"end":{"line":26,"column":52}},{"start":{"line":27,"column":20},"end":{"line":27,"column":24}}]},"1":{"loc":{"start":{"line":31,"column":30},"end":{"line":31,"column":73}},"type":"cond-expr","locations":[{"start":{"line":31,"column":53},"end":{"line":31,"column":61}},{"start":{"line":31,"column":64},"end":{"line":31,"column":73}}]}},"s":{"0":1,"1":1,"2":1,"3":1,"4":49,"5":49,"6":49,"7":7,"8":49,"9":231,"10":1},"f":{"0":49,"1":7,"2":231},"b":{"0":[89,142],"1":[89,142]}}
,"C:\\Users\\utkarshmahajan\\Documents\\NEWarehouseAdmin-Frontend\\src\\context\\timeline\\TimelineState.tsx": {"path":"C:\\Users\\utkarshmahajan\\Documents\\NEWarehouseAdmin-Frontend\\src\\context\\timeline\\TimelineState.tsx","statementMap":{"0":{"start":{"line":1,"column":0},"end":{"line":1,"column":42}},"1":{"start":{"line":2,"column":0},"end":{"line":2,"column":48}},"2":{"start":{"line":3,"column":0},"end":{"line":3,"column":58}},"3":{"start":{"line":4,"column":0},"end":{"line":4,"column":60}},"4":{"start":{"line":11,"column":28},"end":{"line":11,"column":62}},"5":{"start":{"line":13,"column":40},"end":{"line":13,"column":75}},"6":{"start":{"line":15,"column":40},"end":{"line":15,"column":59}},"7":{"start":{"line":18,"column":4},"end":{"line":18,"column":20}},"8":{"start":{"line":21,"column":4},"end":{"line":21,"column":27}},"9":{"start":{"line":25,"column":22},"end":{"line":37,"column":3}},"10":{"start":{"line":26,"column":4},"end":{"line":36,"column":7}},"11":{"start":{"line":27,"column":26},"end":{"line":27,"column":44}},"12":{"start":{"line":31,"column":8},"end":{"line":33,"column":20}},"13":{"start":{"line":34,"column":6},"end":{"line":34,"column":66}},"14":{"start":{"line":35,"column":6},"end":{"line":35,"column":18}},"15":{"start":{"line":40,"column":24},"end":{"line":42,"column":3}},"16":{"start":{"line":41,"column":4},"end":{"line":41,"column":19}},"17":{"start":{"line":45,"column":24},"end":{"line":47,"column":3}},"18":{"start":{"line":46,"column":4},"end":{"line":46,"column":20}},"19":{"start":{"line":52,"column":24},"end":{"line":60,"column":3}},"20":{"start":{"line":54,"column":25},"end":{"line":55,"column":null}},"21":{"start":{"line":57,"column":4},"end":{"line":59,"column":5}},"22":{"start":{"line":58,"column":6},"end":{"line":58,"column":35}},"23":{"start":{"line":62,"column":2},"end":{"line":77,"column":4}},"24":{"start":{"line":80,"column":0},"end":{"line":80,"column":29}}},"fnMap":{"0":{"name":"TimelineState","decl":{"start":{"line":10,"column":9},"end":{"line":10,"column":22}},"loc":{"start":{"line":10,"column":52},"end":{"line":78,"column":1}}},"1":{"name":"updateStepsArray","decl":{"start":{"line":17,"column":11},"end":{"line":17,"column":27}},"loc":{"start":{"line":17,"column":43},"end":{"line":19,"column":3}}},"2":{"name":"updateOrderRoutes","decl":{"start":{"line":20,"column":11},"end":{"line":20,"column":28}},"loc":{"start":{"line":20,"column":45},"end":{"line":22,"column":3}}},"3":{"name":"(anonymous_3)","decl":{"start":{"line":25,"column":22},"end":{"line":25,"column":23}},"loc":{"start":{"line":25,"column":42},"end":{"line":37,"column":3}}},"4":{"name":"(anonymous_4)","decl":{"start":{"line":26,"column":19},"end":{"line":26,"column":27}},"loc":{"start":{"line":26,"column":30},"end":{"line":36,"column":5}}},"5":{"name":"(anonymous_5)","decl":{"start":{"line":40,"column":24},"end":{"line":40,"column":27}},"loc":{"start":{"line":40,"column":29},"end":{"line":42,"column":3}}},"6":{"name":"(anonymous_6)","decl":{"start":{"line":45,"column":24},"end":{"line":45,"column":27}},"loc":{"start":{"line":45,"column":29},"end":{"line":47,"column":3}}},"7":{"name":"(anonymous_7)","decl":{"start":{"line":52,"column":24},"end":{"line":52,"column":27}},"loc":{"start":{"line":52,"column":29},"end":{"line":60,"column":3}}}},"branchMap":{"0":{"loc":{"start":{"line":31,"column":8},"end":{"line":33,"column":20}},"type":"cond-expr","locations":[{"start":{"line":32,"column":12},"end":{"line":32,"column":23}},{"start":{"line":33,"column":12},"end":{"line":33,"column":20}}]},"1":{"loc":{"start":{"line":31,"column":8},"end":{"line":31,"column":55}},"type":"binary-expr","locations":[{"start":{"line":31,"column":8},"end":{"line":31,"column":24}},{"start":{"line":31,"column":28},"end":{"line":31,"column":55}}]},"2":{"loc":{"start":{"line":55,"column":6},"end":{"line":55,"column":50}},"type":"binary-expr","locations":[{"start":{"line":55,"column":6},"end":{"line":55,"column":43}},{"start":{"line":55,"column":47},"end":{"line":55,"column":50}}]},"3":{"loc":{"start":{"line":57,"column":4},"end":{"line":59,"column":5}},"type":"if","locations":[{"start":{"line":57,"column":4},"end":{"line":59,"column":5}}]}},"s":{"0":1,"1":1,"2":1,"3":1,"4":24,"5":24,"6":24,"7":7,"8":7,"9":24,"10":10,"11":10,"12":10,"13":10,"14":10,"15":24,"16":10,"17":24,"18":0,"19":24,"20":7,"21":7,"22":7,"23":24,"24":1},"f":{"0":24,"1":7,"2":7,"3":10,"4":10,"5":10,"6":0,"7":7},"b":{"0":[10,0],"1":[10,10],"2":[7,7],"3":[7]}}
,"C:\\Users\\utkarshmahajan\\Documents\\NEWarehouseAdmin-Frontend\\src\\context\\timeline\\timelineContext.ts": {"path":"C:\\Users\\utkarshmahajan\\Documents\\NEWarehouseAdmin-Frontend\\src\\context\\timeline\\timelineContext.ts","statementMap":{"0":{"start":{"line":1,"column":0},"end":{"line":1,"column":36}},"1":{"start":{"line":5,"column":24},"end":{"line":15,"column":2}},"2":{"start":{"line":17,"column":0},"end":{"line":17,"column":31}}},"fnMap":{"0":{"name":"(anonymous_0)","decl":{"start":{"line":8,"column":18},"end":{"line":8,"column":21}},"loc":{"start":{"line":8,"column":23},"end":{"line":8,"column":26}}},"1":{"name":"(anonymous_1)","decl":{"start":{"line":9,"column":17},"end":{"line":9,"column":20}},"loc":{"start":{"line":9,"column":22},"end":{"line":9,"column":25}}},"2":{"name":"(anonymous_2)","decl":{"start":{"line":10,"column":17},"end":{"line":10,"column":20}},"loc":{"start":{"line":10,"column":22},"end":{"line":10,"column":25}}},"3":{"name":"(anonymous_3)","decl":{"start":{"line":11,"column":17},"end":{"line":11,"column":20}},"loc":{"start":{"line":11,"column":22},"end":{"line":11,"column":25}}},"4":{"name":"(anonymous_4)","decl":{"start":{"line":13,"column":21},"end":{"line":13,"column":24}},"loc":{"start":{"line":13,"column":26},"end":{"line":13,"column":29}}},"5":{"name":"(anonymous_5)","decl":{"start":{"line":14,"column":20},"end":{"line":14,"column":23}},"loc":{"start":{"line":14,"column":25},"end":{"line":14,"column":28}}}},"branchMap":{},"s":{"0":1,"1":1,"2":1},"f":{"0":0,"1":0,"2":0,"3":0,"4":0,"5":0},"b":{}}
,"C:\\Users\\utkarshmahajan\\Documents\\NEWarehouseAdmin-Frontend\\src\\mockServices\\handler.ts": {"path":"C:\\Users\\utkarshmahajan\\Documents\\NEWarehouseAdmin-Frontend\\src\\mockServices\\handler.ts","statementMap":{"0":{"start":{"line":1,"column":0},"end":{"line":1,"column":25}},"1":{"start":{"line":2,"column":0},"end":{"line":2,"column":34}},"2":{"start":{"line":4,"column":13},"end":{"line":318,"column":2}},"3":{"start":{"line":6,"column":4},"end":{"line":39,"column":6}},"4":{"start":{"line":42,"column":4},"end":{"line":79,"column":6}},"5":{"start":{"line":82,"column":4},"end":{"line":104,"column":6}},"6":{"start":{"line":107,"column":4},"end":{"line":112,"column":6}},"7":{"start":{"line":115,"column":4},"end":{"line":133,"column":6}},"8":{"start":{"line":136,"column":4},"end":{"line":300,"column":5}},"9":{"start":{"line":137,"column":6},"end":{"line":299,"column":8}},"10":{"start":{"line":303,"column":4},"end":{"line":308,"column":6}},"11":{"start":{"line":311,"column":4},"end":{"line":316,"column":6}}},"fnMap":{"0":{"name":"(anonymous_0)","decl":{"start":{"line":5,"column":38},"end":{"line":5,"column":39}},"loc":{"start":{"line":5,"column":54},"end":{"line":40,"column":3}}},"1":{"name":"(anonymous_1)","decl":{"start":{"line":41,"column":54},"end":{"line":41,"column":55}},"loc":{"start":{"line":41,"column":70},"end":{"line":80,"column":3}}},"2":{"name":"(anonymous_2)","decl":{"start":{"line":81,"column":61},"end":{"line":81,"column":62}},"loc":{"start":{"line":81,"column":77},"end":{"line":105,"column":3}}},"3":{"name":"(anonymous_3)","decl":{"start":{"line":106,"column":56},"end":{"line":106,"column":57}},"loc":{"start":{"line":106,"column":72},"end":{"line":113,"column":3}}},"4":{"name":"(anonymous_4)","decl":{"start":{"line":114,"column":48},"end":{"line":114,"column":49}},"loc":{"start":{"line":114,"column":64},"end":{"line":134,"column":3}}},"5":{"name":"(anonymous_5)","decl":{"start":{"line":135,"column":45},"end":{"line":135,"column":46}},"loc":{"start":{"line":135,"column":63},"end":{"line":301,"column":3}}},"6":{"name":"(anonymous_6)","decl":{"start":{"line":302,"column":52},"end":{"line":302,"column":53}},"loc":{"start":{"line":302,"column":68},"end":{"line":309,"column":3}}},"7":{"name":"(anonymous_7)","decl":{"start":{"line":310,"column":46},"end":{"line":310,"column":47}},"loc":{"start":{"line":310,"column":62},"end":{"line":317,"column":3}}}},"branchMap":{"0":{"loc":{"start":{"line":136,"column":4},"end":{"line":300,"column":5}},"type":"if","locations":[{"start":{"line":136,"column":4},"end":{"line":300,"column":5}}]}},"s":{"0":1,"1":1,"2":1,"3":0,"4":7,"5":0,"6":0,"7":0,"8":4,"9":4,"10":0,"11":0},"f":{"0":0,"1":7,"2":0,"3":0,"4":0,"5":4,"6":0,"7":0},"b":{"0":[4]}}
,"C:\\Users\\utkarshmahajan\\Documents\\NEWarehouseAdmin-Frontend\\src\\mockServices\\server.ts": {"path":"C:\\Users\\utkarshmahajan\\Documents\\NEWarehouseAdmin-Frontend\\src\\mockServices\\server.ts","statementMap":{"0":{"start":{"line":1,"column":0},"end":{"line":1,"column":37}},"1":{"start":{"line":2,"column":0},"end":{"line":2,"column":38}},"2":{"start":{"line":4,"column":13},"end":{"line":4,"column":47}}},"fnMap":{},"branchMap":{},"s":{"0":1,"1":1,"2":1},"f":{},"b":{}}
,"C:\\Users\\utkarshmahajan\\Documents\\NEWarehouseAdmin-Frontend\\src\\screens\\Loading\\Loading.tsx": {"path":"C:\\Users\\utkarshmahajan\\Documents\\NEWarehouseAdmin-Frontend\\src\\screens\\Loading\\Loading.tsx","statementMap":{"0":{"start":{"line":1,"column":0},"end":{"line":1,"column":42}},"1":{"start":{"line":2,"column":0},"end":{"line":2,"column":24}},"2":{"start":{"line":5,"column":2},"end":{"line":14,"column":4}},"3":{"start":{"line":17,"column":0},"end":{"line":17,"column":23}}},"fnMap":{"0":{"name":"Loading","decl":{"start":{"line":4,"column":9},"end":{"line":4,"column":16}},"loc":{"start":{"line":4,"column":16},"end":{"line":15,"column":1}}}},"branchMap":{},"s":{"0":1,"1":1,"2":14,"3":1},"f":{"0":14},"b":{}}
,"C:\\Users\\utkarshmahajan\\Documents\\NEWarehouseAdmin-Frontend\\src\\screens\\StockCheckIn\\StockCheckIn.tsx": {"path":"C:\\Users\\utkarshmahajan\\Documents\\NEWarehouseAdmin-Frontend\\src\\screens\\StockCheckIn\\StockCheckIn.tsx","statementMap":{"0":{"start":{"line":1,"column":0},"end":{"line":1,"column":40}},"1":{"start":{"line":2,"column":0},"end":{"line":2,"column":36}},"2":{"start":{"line":3,"column":0},"end":{"line":3,"column":40}},"3":{"start":{"line":5,"column":0},"end":{"line":5,"column":45}},"4":{"start":{"line":6,"column":0},"end":{"line":6,"column":58}},"5":{"start":{"line":7,"column":0},"end":{"line":7,"column":42}},"6":{"start":{"line":8,"column":0},"end":{"line":8,"column":75}},"7":{"start":{"line":9,"column":0},"end":{"line":9,"column":36}},"8":{"start":{"line":12,"column":0},"end":{"line":12,"column":67}},"9":{"start":{"line":13,"column":0},"end":{"line":13,"column":73}},"10":{"start":{"line":14,"column":0},"end":{"line":14,"column":64}},"11":{"start":{"line":15,"column":0},"end":{"line":15,"column":55}},"12":{"start":{"line":16,"column":0},"end":{"line":16,"column":64}},"13":{"start":{"line":18,"column":0},"end":{"line":18,"column":64}},"14":{"start":{"line":19,"column":0},"end":{"line":19,"column":66}},"15":{"start":{"line":20,"column":0},"end":{"line":20,"column":56}},"16":{"start":{"line":21,"column":0},"end":{"line":21,"column":58}},"17":{"start":{"line":26,"column":0},"end":{"line":26,"column":63}},"18":{"start":{"line":28,"column":0},"end":{"line":28,"column":31}},"19":{"start":{"line":30,"column":0},"end":{"line":30,"column":57}},"20":{"start":{"line":35,"column":0},"end":{"line":35,"column":63}},"21":{"start":{"line":36,"column":0},"end":{"line":36,"column":29}},"22":{"start":{"line":37,"column":0},"end":{"line":37,"column":45}},"23":{"start":{"line":40,"column":14},"end":{"line":40,"column":30}},"24":{"start":{"line":41,"column":19},"end":{"line":41,"column":32}},"25":{"start":{"line":42,"column":19},"end":{"line":42,"column":32}},"26":{"start":{"line":43,"column":18},"end":{"line":43,"column":40}},"27":{"start":{"line":44,"column":18},"end":{"line":44,"column":43}},"28":{"start":{"line":45,"column":21},"end":{"line":45,"column":49}},"29":{"start":{"line":46,"column":22},"end":{"line":46,"column":34}},"30":{"start":{"line":47,"column":40},"end":{"line":47,"column":55}},"31":{"start":{"line":48,"column":46},"end":{"line":49,"column":null}},"32":{"start":{"line":51,"column":34},"end":{"line":51,"column":55}},"33":{"start":{"line":52,"column":44},"end":{"line":52,"column":70}},"34":{"start":{"line":62,"column":6},"end":{"line":62,"column":33}},"35":{"start":{"line":81,"column":6},"end":{"line":81,"column":28}},"36":{"start":{"line":84,"column":4},"end":{"line":84,"column":42}},"37":{"start":{"line":85,"column":4},"end":{"line":85,"column":66}},"38":{"start":{"line":86,"column":4},"end":{"line":86,"column":63}},"39":{"start":{"line":89,"column":4},"end":{"line":93,"column":5}},"40":{"start":{"line":90,"column":6},"end":{"line":90,"column":29}},"41":{"start":{"line":92,"column":6},"end":{"line":92,"column":28}},"42":{"start":{"line":98,"column":4},"end":{"line":98,"column":24}},"43":{"start":{"line":99,"column":4},"end":{"line":99,"column":35}},"44":{"start":{"line":100,"column":4},"end":{"line":100,"column":37}},"45":{"start":{"line":103,"column":4},"end":{"line":103,"column":49}},"46":{"start":{"line":104,"column":4},"end":{"line":104,"column":54}},"47":{"start":{"line":105,"column":4},"end":{"line":105,"column":45}},"48":{"start":{"line":109,"column":4},"end":{"line":109,"column":24}},"49":{"start":{"line":110,"column":4},"end":{"line":110,"column":24}},"50":{"start":{"line":111,"column":4},"end":{"line":111,"column":22}},"51":{"start":{"line":114,"column":21},"end":{"line":128,"column":4}},"52":{"start":{"line":133,"column":4},"end":{"line":150,"column":5}},"53":{"start":{"line":134,"column":6},"end":{"line":134,"column":69}},"54":{"start":{"line":135,"column":6},"end":{"line":135,"column":28}},"55":{"start":{"line":136,"column":6},"end":{"line":136,"column":30}},"56":{"start":{"line":137,"column":6},"end":{"line":144,"column":9}},"57":{"start":{"line":138,"column":34},"end":{"line":142,"column":10}},"58":{"start":{"line":143,"column":8},"end":{"line":143,"column":25}},"59":{"start":{"line":145,"column":6},"end":{"line":145,"column":33}},"60":{"start":{"line":146,"column":6},"end":{"line":146,"column":36}},"61":{"start":{"line":148,"column":6},"end":{"line":148,"column":25}},"62":{"start":{"line":149,"column":6},"end":{"line":149,"column":36}},"63":{"start":{"line":153,"column":4},"end":{"line":153,"column":25}},"64":{"start":{"line":155,"column":4},"end":{"line":195,"column":5}},"65":{"start":{"line":156,"column":6},"end":{"line":158,"column":8}},"66":{"start":{"line":159,"column":6},"end":{"line":159,"column":30}},"67":{"start":{"line":161,"column":44},"end":{"line":161,"column":62}},"68":{"start":{"line":163,"column":33},"end":{"line":173,"column":9}},"69":{"start":{"line":163,"column":60},"end":{"line":173,"column":8}},"70":{"start":{"line":175,"column":27},"end":{"line":180,"column":9}},"71":{"start":{"line":175,"column":48},"end":{"line":180,"column":8}},"72":{"start":{"line":182,"column":32},"end":{"line":186,"column":9}},"73":{"start":{"line":182,"column":63},"end":{"line":186,"column":8}},"74":{"start":{"line":188,"column":6},"end":{"line":188,"column":44}},"75":{"start":{"line":189,"column":6},"end":{"line":189,"column":32}},"76":{"start":{"line":190,"column":6},"end":{"line":190,"column":42}},"77":{"start":{"line":191,"column":6},"end":{"line":191,"column":28}},"78":{"start":{"line":193,"column":6},"end":{"line":193,"column":25}},"79":{"start":{"line":194,"column":6},"end":{"line":194,"column":28}},"80":{"start":{"line":199,"column":4},"end":{"line":199,"column":30}},"81":{"start":{"line":200,"column":4},"end":{"line":214,"column":5}},"82":{"start":{"line":201,"column":38},"end":{"line":206,"column":null}},"83":{"start":{"line":208,"column":6},"end":{"line":208,"column":28}},"84":{"start":{"line":209,"column":6},"end":{"line":209,"column":30}},"85":{"start":{"line":210,"column":6},"end":{"line":210,"column":52}},"86":{"start":{"line":211,"column":6},"end":{"line":211,"column":25}},"87":{"start":{"line":213,"column":6},"end":{"line":213,"column":25}},"88":{"start":{"line":217,"column":2},"end":{"line":226,"column":5}},"89":{"start":{"line":218,"column":4},"end":{"line":221,"column":5}},"90":{"start":{"line":219,"column":6},"end":{"line":219,"column":25}},"91":{"start":{"line":220,"column":6},"end":{"line":220,"column":24}},"92":{"start":{"line":222,"column":4},"end":{"line":222,"column":21}},"93":{"start":{"line":223,"column":4},"end":{"line":225,"column":6}},"94":{"start":{"line":224,"column":6},"end":{"line":224,"column":28}},"95":{"start":{"line":228,"column":2},"end":{"line":240,"column":9}},"96":{"start":{"line":229,"column":21},"end":{"line":233,"column":6}},"97":{"start":{"line":230,"column":6},"end":{"line":232,"column":7}},"98":{"start":{"line":231,"column":8},"end":{"line":231,"column":36}},"99":{"start":{"line":234,"column":4},"end":{"line":234,"column":19}},"100":{"start":{"line":235,"column":4},"end":{"line":235,"column":33}},"101":{"start":{"line":236,"column":4},"end":{"line":239,"column":6}},"102":{"start":{"line":237,"column":6},"end":{"line":237,"column":26}},"103":{"start":{"line":238,"column":6},"end":{"line":238,"column":17}},"104":{"start":{"line":242,"column":2},"end":{"line":249,"column":20}},"105":{"start":{"line":243,"column":4},"end":{"line":248,"column":5}},"106":{"start":{"line":244,"column":6},"end":{"line":244,"column":25}},"107":{"start":{"line":245,"column":6},"end":{"line":245,"column":34}},"108":{"start":{"line":247,"column":6},"end":{"line":247,"column":45}},"109":{"start":{"line":250,"column":2},"end":{"line":327,"column":4}},"110":{"start":{"line":289,"column":16},"end":{"line":289,"column":32}},"111":{"start":{"line":308,"column":18},"end":{"line":314,"column":19}},"112":{"start":{"line":309,"column":20},"end":{"line":311,"column":23}},"113":{"start":{"line":310,"column":22},"end":{"line":310,"column":38}},"114":{"start":{"line":313,"column":20},"end":{"line":313,"column":36}},"115":{"start":{"line":330,"column":0},"end":{"line":330,"column":28}}},"fnMap":{"0":{"name":"StockCheckIn","decl":{"start":{"line":39,"column":9},"end":{"line":39,"column":21}},"loc":{"start":{"line":39,"column":21},"end":{"line":328,"column":1}}},"1":{"name":"handleDriverSelection","decl":{"start":{"line":83,"column":11},"end":{"line":83,"column":32}},"loc":{"start":{"line":83,"column":69},"end":{"line":87,"column":3}}},"2":{"name":"buttonDisabled","decl":{"start":{"line":88,"column":11},"end":{"line":88,"column":25}},"loc":{"start":{"line":88,"column":25},"end":{"line":94,"column":3}}},"3":{"name":"handleTypeChange","decl":{"start":{"line":97,"column":11},"end":{"line":97,"column":27}},"loc":{"start":{"line":97,"column":45},"end":{"line":101,"column":3}}},"4":{"name":"clearLocalStorage","decl":{"start":{"line":102,"column":11},"end":{"line":102,"column":28}},"loc":{"start":{"line":102,"column":28},"end":{"line":106,"column":3}}},"5":{"name":"handleAlertClose","decl":{"start":{"line":108,"column":11},"end":{"line":108,"column":27}},"loc":{"start":{"line":108,"column":27},"end":{"line":112,"column":3}}},"6":{"name":"fetchDrivers","decl":{"start":{"line":130,"column":17},"end":{"line":130,"column":29}},"loc":{"start":{"line":130,"column":29},"end":{"line":151,"column":3}}},"7":{"name":"(anonymous_7)","decl":{"start":{"line":137,"column":42},"end":{"line":137,"column":48}},"loc":{"start":{"line":137,"column":51},"end":{"line":144,"column":7}}},"8":{"name":"fetchDriverHistory","decl":{"start":{"line":152,"column":17},"end":{"line":152,"column":35}},"loc":{"start":{"line":152,"column":35},"end":{"line":196,"column":3}}},"9":{"name":"(anonymous_9)","decl":{"start":{"line":163,"column":44},"end":{"line":163,"column":55}},"loc":{"start":{"line":163,"column":60},"end":{"line":173,"column":8}}},"10":{"name":"(anonymous_10)","decl":{"start":{"line":175,"column":38},"end":{"line":175,"column":43}},"loc":{"start":{"line":175,"column":48},"end":{"line":180,"column":8}}},"11":{"name":"(anonymous_11)","decl":{"start":{"line":182,"column":48},"end":{"line":182,"column":58}},"loc":{"start":{"line":182,"column":63},"end":{"line":186,"column":8}}},"12":{"name":"unAssignStock","decl":{"start":{"line":198,"column":17},"end":{"line":198,"column":30}},"loc":{"start":{"line":198,"column":30},"end":{"line":215,"column":3}}},"13":{"name":"(anonymous_13)","decl":{"start":{"line":217,"column":12},"end":{"line":217,"column":15}},"loc":{"start":{"line":217,"column":17},"end":{"line":226,"column":3}}},"14":{"name":"(anonymous_14)","decl":{"start":{"line":223,"column":11},"end":{"line":223,"column":14}},"loc":{"start":{"line":223,"column":16},"end":{"line":225,"column":5}}},"15":{"name":"(anonymous_15)","decl":{"start":{"line":228,"column":12},"end":{"line":228,"column":15}},"loc":{"start":{"line":228,"column":17},"end":{"line":240,"column":3}}},"16":{"name":"(anonymous_16)","decl":{"start":{"line":229,"column":36},"end":{"line":229,"column":44}},"loc":{"start":{"line":229,"column":47},"end":{"line":233,"column":5}}},"17":{"name":"(anonymous_17)","decl":{"start":{"line":236,"column":11},"end":{"line":236,"column":14}},"loc":{"start":{"line":236,"column":16},"end":{"line":239,"column":5}}},"18":{"name":"(anonymous_18)","decl":{"start":{"line":242,"column":12},"end":{"line":242,"column":15}},"loc":{"start":{"line":242,"column":17},"end":{"line":249,"column":3}}},"19":{"name":"(anonymous_19)","decl":{"start":{"line":288,"column":23},"end":{"line":288,"column":26}},"loc":{"start":{"line":288,"column":28},"end":{"line":290,"column":15}}},"20":{"name":"(anonymous_20)","decl":{"start":{"line":307,"column":25},"end":{"line":307,"column":28}},"loc":{"start":{"line":307,"column":30},"end":{"line":315,"column":17}}},"21":{"name":"(anonymous_21)","decl":{"start":{"line":309,"column":46},"end":{"line":309,"column":49}},"loc":{"start":{"line":309,"column":51},"end":{"line":311,"column":21}}}},"branchMap":{"0":{"loc":{"start":{"line":89,"column":4},"end":{"line":93,"column":5}},"type":"if","locations":[{"start":{"line":89,"column":4},"end":{"line":93,"column":5}},{"start":{"line":91,"column":11},"end":{"line":93,"column":5}}]},"1":{"loc":{"start":{"line":89,"column":8},"end":{"line":89,"column":65}},"type":"binary-expr","locations":[{"start":{"line":89,"column":8},"end":{"line":89,"column":49}},{"start":{"line":89,"column":53},"end":{"line":89,"column":65}}]},"2":{"loc":{"start":{"line":218,"column":4},"end":{"line":221,"column":5}},"type":"if","locations":[{"start":{"line":218,"column":4},"end":{"line":221,"column":5}}]},"3":{"loc":{"start":{"line":230,"column":6},"end":{"line":232,"column":7}},"type":"if","locations":[{"start":{"line":230,"column":6},"end":{"line":232,"column":7}}]},"4":{"loc":{"start":{"line":243,"column":4},"end":{"line":248,"column":5}},"type":"if","locations":[{"start":{"line":243,"column":4},"end":{"line":248,"column":5}},{"start":{"line":246,"column":11},"end":{"line":248,"column":5}}]},"5":{"loc":{"start":{"line":294,"column":13},"end":{"line":321,"column":null}},"type":"cond-expr","locations":[{"start":{"line":295,"column":14},"end":{"line":300,"column":null}},{"start":{"line":303,"column":14},"end":{"line":320,"column":null}}]},"6":{"loc":{"start":{"line":308,"column":18},"end":{"line":314,"column":19}},"type":"if","locations":[{"start":{"line":308,"column":18},"end":{"line":314,"column":19}},{"start":{"line":312,"column":25},"end":{"line":314,"column":19}}]},"7":{"loc":{"start":{"line":316,"column":17},"end":{"line":319,"column":null}},"type":"cond-expr","locations":[{"start":{"line":317,"column":18},"end":{"line":317,"column":42}},{"start":{"line":319,"column":18},"end":{"line":319,"column":46}}]}},"s":{"0":1,"1":1,"2":1,"3":1,"4":1,"5":1,"6":1,"7":1,"8":1,"9":1,"10":1,"11":1,"12":1,"13":1,"14":1,"15":1,"16":1,"17":1,"18":1,"19":1,"20":1,"21":1,"22":1,"23":77,"24":77,"25":77,"26":77,"27":77,"28":77,"29":77,"30":77,"31":77,"32":77,"33":77,"34":77,"35":77,"36":0,"37":0,"38":0,"39":49,"40":41,"41":8,"42":7,"43":7,"44":7,"45":7,"46":7,"47":7,"48":0,"49":0,"50":0,"51":77,"52":7,"53":7,"54":7,"55":7,"56":7,"57":14,"58":14,"59":7,"60":7,"61":0,"62":0,"63":4,"64":4,"65":4,"66":4,"67":4,"68":4,"69":20,"70":4,"71":0,"72":4,"73":0,"74":4,"75":4,"76":4,"77":4,"78":0,"79":0,"80":0,"81":0,"82":0,"83":0,"84":0,"85":0,"86":0,"87":0,"88":77,"89":49,"90":7,"91":7,"92":49,"93":49,"94":49,"95":77,"96":7,"97":0,"98":0,"99":7,"100":7,"101":7,"102":7,"103":7,"104":77,"105":17,"106":7,"107":7,"108":10,"109":77,"110":0,"111":10,"112":4,"113":4,"114":6,"115":1},"f":{"0":77,"1":0,"2":49,"3":7,"4":7,"5":0,"6":7,"7":14,"8":4,"9":20,"10":0,"11":0,"12":0,"13":49,"14":49,"15":7,"16":0,"17":7,"18":17,"19":0,"20":10,"21":4},"b":{"0":[41,8],"1":[49,49],"2":[7],"3":[0],"4":[7,10],"5":[3,74],"6":[4,6],"7":[12,62]}}
,"C:\\Users\\utkarshmahajan\\Documents\\NEWarehouseAdmin-Frontend\\src\\screens\\StockCheckIn\\useStockCheckInState.ts": {"path":"C:\\Users\\utkarshmahajan\\Documents\\NEWarehouseAdmin-Frontend\\src\\screens\\StockCheckIn\\useStockCheckInState.ts","statementMap":{"0":{"start":{"line":1,"column":0},"end":{"line":1,"column":31}},"1":{"start":{"line":6,"column":40},"end":{"line":6,"column":62}},"2":{"start":{"line":8,"column":24},"end":{"line":8,"column":70}},"3":{"start":{"line":9,"column":4},"end":{"line":17,"column":5}},"4":{"start":{"line":14,"column":6},"end":{"line":14,"column":25}},"5":{"start":{"line":16,"column":6},"end":{"line":16,"column":26}},"6":{"start":{"line":19,"column":38},"end":{"line":21,"column":22}},"7":{"start":{"line":22,"column":46},"end":{"line":22,"column":66}},"8":{"start":{"line":23,"column":56},"end":{"line":23,"column":70}},"9":{"start":{"line":24,"column":42},"end":{"line":24,"column":56}},"10":{"start":{"line":25,"column":48},"end":{"line":25,"column":63}},"11":{"start":{"line":26,"column":42},"end":{"line":26,"column":54}},"12":{"start":{"line":27,"column":36},"end":{"line":27,"column":51}},"13":{"start":{"line":28,"column":2},"end":{"line":45,"column":4}},"14":{"start":{"line":5,"column":0},"end":{"line":5,"column":16}}},"fnMap":{"0":{"name":"useStockCheckInState","decl":{"start":{"line":5,"column":16},"end":{"line":5,"column":36}},"loc":{"start":{"line":5,"column":36},"end":{"line":46,"column":1}}},"1":{"name":"loadInitialType","decl":{"start":{"line":7,"column":11},"end":{"line":7,"column":26}},"loc":{"start":{"line":7,"column":26},"end":{"line":18,"column":3}}}},"branchMap":{"0":{"loc":{"start":{"line":9,"column":4},"end":{"line":17,"column":5}},"type":"if","locations":[{"start":{"line":9,"column":4},"end":{"line":17,"column":5}},{"start":{"line":15,"column":11},"end":{"line":17,"column":5}}]},"1":{"loc":{"start":{"line":10,"column":6},"end":{"line":12,"column":29}},"type":"binary-expr","locations":[{"start":{"line":10,"column":6},"end":{"line":10,"column":33}},{"start":{"line":11,"column":6},"end":{"line":11,"column":31}},{"start":{"line":12,"column":6},"end":{"line":12,"column":29}}]}},"s":{"0":1,"1":77,"2":77,"3":77,"4":77,"5":0,"6":77,"7":77,"8":77,"9":77,"10":77,"11":77,"12":77,"13":77,"14":1},"f":{"0":77,"1":77},"b":{"0":[77,0],"1":[77,0,0]}}
,"C:\\Users\\utkarshmahajan\\Documents\\NEWarehouseAdmin-Frontend\\src\\screens\\StockCheckIn\\AdminSignature\\AdminSignature.tsx": {"path":"C:\\Users\\utkarshmahajan\\Documents\\NEWarehouseAdmin-Frontend\\src\\screens\\StockCheckIn\\AdminSignature\\AdminSignature.tsx","statementMap":{"0":{"start":{"line":1,"column":0},"end":{"line":1,"column":50}},"1":{"start":{"line":2,"column":0},"end":{"line":2,"column":62}},"2":{"start":{"line":3,"column":0},"end":{"line":3,"column":50}},"3":{"start":{"line":4,"column":0},"end":{"line":4,"column":40}},"4":{"start":{"line":5,"column":0},"end":{"line":5,"column":45}},"5":{"start":{"line":6,"column":0},"end":{"line":6,"column":53}},"6":{"start":{"line":8,"column":0},"end":{"line":8,"column":31}},"7":{"start":{"line":11,"column":14},"end":{"line":11,"column":30}},"8":{"start":{"line":13,"column":4},"end":{"line":13,"column":43}},"9":{"start":{"line":15,"column":26},"end":{"line":15,"column":55}},"10":{"start":{"line":18,"column":4},"end":{"line":18,"column":78}},"11":{"start":{"line":19,"column":4},"end":{"line":19,"column":29}},"12":{"start":{"line":22,"column":4},"end":{"line":22,"column":37}},"13":{"start":{"line":23,"column":4},"end":{"line":23,"column":30}},"14":{"start":{"line":25,"column":2},"end":{"line":29,"column":9}},"15":{"start":{"line":26,"column":4},"end":{"line":28,"column":6}},"16":{"start":{"line":27,"column":6},"end":{"line":27,"column":32}},"17":{"start":{"line":31,"column":2},"end":{"line":63,"column":4}},"18":{"start":{"line":66,"column":0},"end":{"line":66,"column":30}}},"fnMap":{"0":{"name":"AdminSignature","decl":{"start":{"line":10,"column":9},"end":{"line":10,"column":23}},"loc":{"start":{"line":10,"column":23},"end":{"line":64,"column":1}}},"1":{"name":"handleSignatureDone","decl":{"start":{"line":17,"column":11},"end":{"line":17,"column":30}},"loc":{"start":{"line":17,"column":30},"end":{"line":20,"column":3}}},"2":{"name":"clearSignature","decl":{"start":{"line":21,"column":11},"end":{"line":21,"column":25}},"loc":{"start":{"line":21,"column":25},"end":{"line":24,"column":3}}},"3":{"name":"(anonymous_3)","decl":{"start":{"line":25,"column":12},"end":{"line":25,"column":15}},"loc":{"start":{"line":25,"column":17},"end":{"line":29,"column":3}}},"4":{"name":"(anonymous_4)","decl":{"start":{"line":26,"column":11},"end":{"line":26,"column":14}},"loc":{"start":{"line":26,"column":16},"end":{"line":28,"column":5}}}},"branchMap":{"0":{"loc":{"start":{"line":18,"column":20},"end":{"line":18,"column":76}},"type":"binary-expr","locations":[{"start":{"line":18,"column":20},"end":{"line":18,"column":70}},{"start":{"line":18,"column":74},"end":{"line":18,"column":76}}]}},"s":{"0":1,"1":1,"2":1,"3":1,"4":1,"5":1,"6":1,"7":1,"8":1,"9":1,"10":0,"11":0,"12":0,"13":0,"14":1,"15":1,"16":1,"17":1,"18":1},"f":{"0":1,"1":0,"2":0,"3":1,"4":1},"b":{"0":[0,0]}}
,"C:\\Users\\utkarshmahajan\\Documents\\NEWarehouseAdmin-Frontend\\src\\screens\\StockCheckIn\\AttachmentTable\\AttachmentTable.tsx": {"path":"C:\\Users\\utkarshmahajan\\Documents\\NEWarehouseAdmin-Frontend\\src\\screens\\StockCheckIn\\AttachmentTable\\AttachmentTable.tsx","statementMap":{"0":{"start":{"line":1,"column":0},"end":{"line":1,"column":56}},"1":{"start":{"line":2,"column":0},"end":{"line":2,"column":42}},"2":{"start":{"line":3,"column":0},"end":{"line":3,"column":50}},"3":{"start":{"line":4,"column":0},"end":{"line":4,"column":31}},"4":{"start":{"line":5,"column":0},"end":{"line":5,"column":46}},"5":{"start":{"line":6,"column":0},"end":{"line":6,"column":81}},"6":{"start":{"line":7,"column":0},"end":{"line":7,"column":67}},"7":{"start":{"line":9,"column":0},"end":{"line":9,"column":32}},"8":{"start":{"line":12,"column":26},"end":{"line":12,"column":65}},"9":{"start":{"line":13,"column":36},"end":{"line":13,"column":51}},"10":{"start":{"line":14,"column":34},"end":{"line":14,"column":46}},"11":{"start":{"line":17,"column":4},"end":{"line":17,"column":21}},"12":{"start":{"line":18,"column":4},"end":{"line":18,"column":23}},"13":{"start":{"line":21,"column":2},"end":{"line":44,"column":4}},"14":{"start":{"line":29,"column":10},"end":{"line":29,"column":30}},"15":{"start":{"line":47,"column":0},"end":{"line":47,"column":31}}},"fnMap":{"0":{"name":"AttachmentTable","decl":{"start":{"line":11,"column":9},"end":{"line":11,"column":24}},"loc":{"start":{"line":11,"column":24},"end":{"line":45,"column":1}}},"1":{"name":"handleClick","decl":{"start":{"line":16,"column":11},"end":{"line":16,"column":22}},"loc":{"start":{"line":16,"column":34},"end":{"line":19,"column":3}}},"2":{"name":"(anonymous_2)","decl":{"start":{"line":28,"column":17},"end":{"line":28,"column":20}},"loc":{"start":{"line":28,"column":22},"end":{"line":30,"column":9}}}},"branchMap":{},"s":{"0":1,"1":1,"2":1,"3":1,"4":1,"5":1,"6":1,"7":1,"8":3,"9":3,"10":3,"11":0,"12":0,"13":3,"14":0,"15":1},"f":{"0":3,"1":0,"2":0},"b":{}}
,"C:\\Users\\utkarshmahajan\\Documents\\NEWarehouseAdmin-Frontend\\src\\screens\\StockCheckIn\\PendingSelectionGrid\\PendingSelectionGrid.tsx": {"path":"C:\\Users\\utkarshmahajan\\Documents\\NEWarehouseAdmin-Frontend\\src\\screens\\StockCheckIn\\PendingSelectionGrid\\PendingSelectionGrid.tsx","statementMap":{"0":{"start":{"line":1,"column":0},"end":{"line":1,"column":50}},"1":{"start":{"line":2,"column":0},"end":{"line":2,"column":88}},"2":{"start":{"line":13,"column":6},"end":{"line":13,"column":45}},"3":{"start":{"line":15,"column":2},"end":{"line":24,"column":4}},"4":{"start":{"line":27,"column":0},"end":{"line":27,"column":36}}},"fnMap":{"0":{"name":"PendingSelectionGrid","decl":{"start":{"line":5,"column":9},"end":{"line":5,"column":29}},"loc":{"start":{"line":5,"column":29},"end":{"line":25,"column":1}}}},"branchMap":{},"s":{"0":1,"1":1,"2":26,"3":26,"4":1},"f":{"0":26},"b":{}}
,"C:\\Users\\utkarshmahajan\\Documents\\NEWarehouseAdmin-Frontend\\src\\screens\\StockCheckIn\\StockTable\\StockTable.tsx": {"path":"C:\\Users\\utkarshmahajan\\Documents\\NEWarehouseAdmin-Frontend\\src\\screens\\StockCheckIn\\StockTable\\StockTable.tsx","statementMap":{"0":{"start":{"line":1,"column":0},"end":{"line":1,"column":50}},"1":{"start":{"line":2,"column":0},"end":{"line":2,"column":46}},"2":{"start":{"line":3,"column":0},"end":{"line":3,"column":66}},"3":{"start":{"line":5,"column":0},"end":{"line":5,"column":57}},"4":{"start":{"line":8,"column":21},"end":{"line":8,"column":60}},"5":{"start":{"line":10,"column":2},"end":{"line":21,"column":4}},"6":{"start":{"line":24,"column":0},"end":{"line":24,"column":26}}},"fnMap":{"0":{"name":"StockTable","decl":{"start":{"line":7,"column":9},"end":{"line":7,"column":19}},"loc":{"start":{"line":7,"column":19},"end":{"line":22,"column":1}}}},"branchMap":{},"s":{"0":1,"1":1,"2":1,"3":1,"4":5,"5":5,"6":1},"f":{"0":5},"b":{}}
,"C:\\Users\\utkarshmahajan\\Documents\\NEWarehouseAdmin-Frontend\\src\\screens\\StockCheckIn\\TransactionTable\\TransactionTable.tsx": {"path":"C:\\Users\\utkarshmahajan\\Documents\\NEWarehouseAdmin-Frontend\\src\\screens\\StockCheckIn\\TransactionTable\\TransactionTable.tsx","statementMap":{"0":{"start":{"line":1,"column":0},"end":{"line":1,"column":46}},"1":{"start":{"line":2,"column":0},"end":{"line":2,"column":50}},"2":{"start":{"line":4,"column":0},"end":{"line":4,"column":69}},"3":{"start":{"line":5,"column":0},"end":{"line":5,"column":84}},"4":{"start":{"line":6,"column":0},"end":{"line":6,"column":33}},"5":{"start":{"line":8,"column":27},"end":{"line":8,"column":66}},"6":{"start":{"line":10,"column":2},"end":{"line":21,"column":4}},"7":{"start":{"line":24,"column":0},"end":{"line":24,"column":32}}},"fnMap":{"0":{"name":"TransactionTable","decl":{"start":{"line":7,"column":9},"end":{"line":7,"column":25}},"loc":{"start":{"line":7,"column":25},"end":{"line":22,"column":1}}}},"branchMap":{},"s":{"0":1,"1":1,"2":1,"3":1,"4":1,"5":7,"6":7,"7":1},"f":{"0":7},"b":{}}
,"C:\\Users\\utkarshmahajan\\Documents\\NEWarehouseAdmin-Frontend\\src\\utilities\\checkApiError.ts": {"path":"C:\\Users\\utkarshmahajan\\Documents\\NEWarehouseAdmin-Frontend\\src\\utilities\\checkApiError.ts","statementMap":{"0":{"start":{"line":4,"column":2},"end":{"line":6,"column":3}},"1":{"start":{"line":5,"column":4},"end":{"line":5,"column":39}},"2":{"start":{"line":3,"column":0},"end":{"line":3,"column":16}}},"fnMap":{"0":{"name":"checkApiError","decl":{"start":{"line":3,"column":16},"end":{"line":3,"column":29}},"loc":{"start":{"line":3,"column":53},"end":{"line":7,"column":1}}}},"branchMap":{"0":{"loc":{"start":{"line":4,"column":2},"end":{"line":6,"column":3}},"type":"if","locations":[{"start":{"line":4,"column":2},"end":{"line":6,"column":3}}]}},"s":{"0":11,"1":0,"2":1},"f":{"0":11},"b":{"0":[0]}}
,"C:\\Users\\utkarshmahajan\\Documents\\NEWarehouseAdmin-Frontend\\src\\utilities\\getAttachmentRowId.ts": {"path":"C:\\Users\\utkarshmahajan\\Documents\\NEWarehouseAdmin-Frontend\\src\\utilities\\getAttachmentRowId.ts","statementMap":{"0":{"start":{"line":4,"column":2},"end":{"line":8,"column":3}},"1":{"start":{"line":5,"column":4},"end":{"line":5,"column":28}},"2":{"start":{"line":7,"column":4},"end":{"line":7,"column":47}},"3":{"start":{"line":3,"column":0},"end":{"line":3,"column":16}}},"fnMap":{"0":{"name":"getAttachmentRowId","decl":{"start":{"line":3,"column":16},"end":{"line":3,"column":34}},"loc":{"start":{"line":3,"column":43},"end":{"line":9,"column":1}}}},"branchMap":{"0":{"loc":{"start":{"line":4,"column":2},"end":{"line":8,"column":3}},"type":"if","locations":[{"start":{"line":4,"column":2},"end":{"line":8,"column":3}},{"start":{"line":6,"column":9},"end":{"line":8,"column":3}}]}},"s":{"0":0,"1":0,"2":0,"3":1},"f":{"0":0},"b":{"0":[0,0]}}
,"C:\\Users\\utkarshmahajan\\Documents\\NEWarehouseAdmin-Frontend\\src\\utilities\\getStockRowId.ts": {"path":"C:\\Users\\utkarshmahajan\\Documents\\NEWarehouseAdmin-Frontend\\src\\utilities\\getStockRowId.ts","statementMap":{"0":{"start":{"line":4,"column":2},"end":{"line":8,"column":3}},"1":{"start":{"line":5,"column":4},"end":{"line":5,"column":23}},"2":{"start":{"line":7,"column":4},"end":{"line":7,"column":47}},"3":{"start":{"line":3,"column":0},"end":{"line":3,"column":16}}},"fnMap":{"0":{"name":"getStockRowId","decl":{"start":{"line":3,"column":16},"end":{"line":3,"column":29}},"loc":{"start":{"line":3,"column":38},"end":{"line":9,"column":1}}}},"branchMap":{"0":{"loc":{"start":{"line":4,"column":2},"end":{"line":8,"column":3}},"type":"if","locations":[{"start":{"line":4,"column":2},"end":{"line":8,"column":3}},{"start":{"line":6,"column":9},"end":{"line":8,"column":3}}]}},"s":{"0":0,"1":0,"2":0,"3":1},"f":{"0":0},"b":{"0":[0,0]}}
,"C:\\Users\\utkarshmahajan\\Documents\\NEWarehouseAdmin-Frontend\\src\\utilities\\getTransactionRowId.ts": {"path":"C:\\Users\\utkarshmahajan\\Documents\\NEWarehouseAdmin-Frontend\\src\\utilities\\getTransactionRowId.ts","statementMap":{"0":{"start":{"line":4,"column":2},"end":{"line":8,"column":3}},"1":{"start":{"line":5,"column":4},"end":{"line":5,"column":23}},"2":{"start":{"line":7,"column":4},"end":{"line":7,"column":47}},"3":{"start":{"line":3,"column":0},"end":{"line":3,"column":16}}},"fnMap":{"0":{"name":"getTransactionRowId","decl":{"start":{"line":3,"column":16},"end":{"line":3,"column":35}},"loc":{"start":{"line":3,"column":44},"end":{"line":9,"column":1}}}},"branchMap":{"0":{"loc":{"start":{"line":4,"column":2},"end":{"line":8,"column":3}},"type":"if","locations":[{"start":{"line":4,"column":2},"end":{"line":8,"column":3}},{"start":{"line":6,"column":9},"end":{"line":8,"column":3}}]}},"s":{"0":40,"1":40,"2":0,"3":1},"f":{"0":40},"b":{"0":[40,0]}}
,"C:\\Users\\utkarshmahajan\\Documents\\NEWarehouseAdmin-Frontend\\src\\utilities\\sendNotification.ts": {"path":"C:\\Users\\utkarshmahajan\\Documents\\NEWarehouseAdmin-Frontend\\src\\utilities\\sendNotification.ts","statementMap":{"0":{"start":{"line":2,"column":0},"end":{"line":2,"column":31}},"1":{"start":{"line":3,"column":0},"end":{"line":3,"column":49}},"2":{"start":{"line":6,"column":2},"end":{"line":19,"column":3}},"3":{"start":{"line":7,"column":36},"end":{"line":13,"column":null}},"4":{"start":{"line":15,"column":4},"end":{"line":15,"column":26}},"5":{"start":{"line":16,"column":4},"end":{"line":16,"column":28}},"6":{"start":{"line":18,"column":4},"end":{"line":18,"column":23}},"7":{"start":{"line":5,"column":0},"end":{"line":5,"column":7}}},"fnMap":{"0":{"name":"sendNotification","decl":{"start":{"line":5,"column":22},"end":{"line":5,"column":38}},"loc":{"start":{"line":5,"column":54},"end":{"line":20,"column":1}}}},"branchMap":{},"s":{"0":1,"1":1,"2":0,"3":0,"4":0,"5":0,"6":0,"7":1},"f":{"0":0},"b":{}}
,"C:\\Users\\utkarshmahajan\\Documents\\NEWarehouseAdmin-Frontend\\src\\utilities\\timelineRoutes.ts": {"path":"C:\\Users\\utkarshmahajan\\Documents\\NEWarehouseAdmin-Frontend\\src\\utilities\\timelineRoutes.ts","statementMap":{"0":{"start":{"line":1,"column":13},"end":{"line":1,"column":64}},"1":{"start":{"line":2,"column":13},"end":{"line":2,"column":67}},"2":{"start":{"line":4,"column":13},"end":{"line":4,"column":73}},"3":{"start":{"line":6,"column":13},"end":{"line":12,"column":2}}},"fnMap":{},"branchMap":{},"s":{"0":1,"1":1,"2":1,"3":1},"f":{},"b":{}}
,"C:\\Users\\utkarshmahajan\\Documents\\NEWarehouseAdmin-Frontend\\src\\utilities\\timelineSteps.ts": {"path":"C:\\Users\\utkarshmahajan\\Documents\\NEWarehouseAdmin-Frontend\\src\\utilities\\timelineSteps.ts","statementMap":{"0":{"start":{"line":1,"column":13},"end":{"line":5,"column":2}},"1":{"start":{"line":6,"column":13},"end":{"line":12,"column":2}},"2":{"start":{"line":14,"column":13},"end":{"line":19,"column":2}},"3":{"start":{"line":21,"column":13},"end":{"line":27,"column":2}}},"fnMap":{},"branchMap":{},"s":{"0":1,"1":1,"2":1,"3":1},"f":{},"b":{}}
,"C:\\Users\\utkarshmahajan\\Documents\\NEWarehouseAdmin-Frontend\\src\\utilities\\AttachmentColDef\\AttachmentColDef.tsx": {"path":"C:\\Users\\utkarshmahajan\\Documents\\NEWarehouseAdmin-Frontend\\src\\utilities\\AttachmentColDef\\AttachmentColDef.tsx","statementMap":{"0":{"start":{"line":1,"column":0},"end":{"line":1,"column":40}},"1":{"start":{"line":2,"column":0},"end":{"line":2,"column":38}},"2":{"start":{"line":3,"column":0},"end":{"line":3,"column":56}},"3":{"start":{"line":9,"column":0},"end":{"line":9,"column":45}},"4":{"start":{"line":10,"column":0},"end":{"line":10,"column":67}},"5":{"start":{"line":15,"column":20},"end":{"line":48,"column":2}},"6":{"start":{"line":15,"column":35},"end":{"line":48,"column":2}},"7":{"start":{"line":22,"column":6},"end":{"line":22,"column":74}},"8":{"start":{"line":32,"column":6},"end":{"line":32,"column":74}},"9":{"start":{"line":36,"column":6},"end":{"line":41,"column":8}},"10":{"start":{"line":13,"column":13},"end":{"line":13,"column":null}},"11":{"start":{"line":51,"column":14},"end":{"line":51,"column":30}},"12":{"start":{"line":52,"column":2},"end":{"line":72,"column":4}},"13":{"start":{"line":61,"column":10},"end":{"line":61,"column":34}}},"fnMap":{"0":{"name":"(anonymous_0)","decl":{"start":{"line":15,"column":20},"end":{"line":15,"column":31}},"loc":{"start":{"line":15,"column":35},"end":{"line":48,"column":2}}},"1":{"name":"(anonymous_1)","decl":{"start":{"line":21,"column":18},"end":{"line":21,"column":19}},"loc":{"start":{"line":21,"column":53},"end":{"line":23,"column":5}}},"2":{"name":"(anonymous_2)","decl":{"start":{"line":31,"column":18},"end":{"line":31,"column":19}},"loc":{"start":{"line":31,"column":53},"end":{"line":33,"column":5}}},"3":{"name":"(anonymous_3)","decl":{"start":{"line":35,"column":16},"end":{"line":35,"column":17}},"loc":{"start":{"line":35,"column":69},"end":{"line":42,"column":5}}},"4":{"name":"AttachmentStack","decl":{"start":{"line":50,"column":9},"end":{"line":50,"column":24}},"loc":{"start":{"line":50,"column":72},"end":{"line":73,"column":1}}},"5":{"name":"(anonymous_5)","decl":{"start":{"line":60,"column":17},"end":{"line":60,"column":20}},"loc":{"start":{"line":60,"column":22},"end":{"line":62,"column":9}}}},"branchMap":{"0":{"loc":{"start":{"line":22,"column":39},"end":{"line":22,"column":69}},"type":"binary-expr","locations":[{"start":{"line":22,"column":39},"end":{"line":22,"column":63}},{"start":{"line":22,"column":67},"end":{"line":22,"column":69}}]},"1":{"loc":{"start":{"line":32,"column":39},"end":{"line":32,"column":69}},"type":"binary-expr","locations":[{"start":{"line":32,"column":39},"end":{"line":32,"column":63}},{"start":{"line":32,"column":67},"end":{"line":32,"column":69}}]},"2":{"loc":{"start":{"line":39,"column":22},"end":{"line":39,"column":40}},"type":"binary-expr","locations":[{"start":{"line":39,"column":22},"end":{"line":39,"column":34}},{"start":{"line":39,"column":38},"end":{"line":39,"column":40}}]}},"s":{"0":1,"1":1,"2":1,"3":1,"4":1,"5":1,"6":3,"7":3,"8":3,"9":0,"10":1,"11":0,"12":0,"13":0},"f":{"0":3,"1":3,"2":3,"3":0,"4":0,"5":0},"b":{"0":[3,0],"1":[3,0],"2":[0,0]}}
,"C:\\Users\\utkarshmahajan\\Documents\\NEWarehouseAdmin-Frontend\\src\\utilities\\StockColDef\\StockColDef.tsx": {"path":"C:\\Users\\utkarshmahajan\\Documents\\NEWarehouseAdmin-Frontend\\src\\utilities\\StockColDef\\StockColDef.tsx","statementMap":{"0":{"start":{"line":2,"column":0},"end":{"line":2,"column":67}},"1":{"start":{"line":4,"column":13},"end":{"line":42,"column":2}},"2":{"start":{"line":11,"column":6},"end":{"line":11,"column":74}},"3":{"start":{"line":22,"column":6},"end":{"line":22,"column":74}},"4":{"start":{"line":34,"column":6},"end":{"line":34,"column":74}}},"fnMap":{"0":{"name":"(anonymous_0)","decl":{"start":{"line":10,"column":18},"end":{"line":10,"column":19}},"loc":{"start":{"line":10,"column":53},"end":{"line":12,"column":5}}},"1":{"name":"(anonymous_1)","decl":{"start":{"line":21,"column":18},"end":{"line":21,"column":19}},"loc":{"start":{"line":21,"column":53},"end":{"line":23,"column":5}}},"2":{"name":"(anonymous_2)","decl":{"start":{"line":33,"column":18},"end":{"line":33,"column":19}},"loc":{"start":{"line":33,"column":53},"end":{"line":35,"column":5}}}},"branchMap":{"0":{"loc":{"start":{"line":11,"column":39},"end":{"line":11,"column":69}},"type":"binary-expr","locations":[{"start":{"line":11,"column":39},"end":{"line":11,"column":63}},{"start":{"line":11,"column":67},"end":{"line":11,"column":69}}]},"1":{"loc":{"start":{"line":22,"column":39},"end":{"line":22,"column":69}},"type":"binary-expr","locations":[{"start":{"line":22,"column":39},"end":{"line":22,"column":63}},{"start":{"line":22,"column":67},"end":{"line":22,"column":69}}]},"2":{"loc":{"start":{"line":34,"column":39},"end":{"line":34,"column":69}},"type":"binary-expr","locations":[{"start":{"line":34,"column":39},"end":{"line":34,"column":63}},{"start":{"line":34,"column":67},"end":{"line":34,"column":69}}]}},"s":{"0":1,"1":1,"2":5,"3":5,"4":5},"f":{"0":5,"1":5,"2":5},"b":{"0":[5,0],"1":[5,0],"2":[5,0]}}
,"C:\\Users\\utkarshmahajan\\Documents\\NEWarehouseAdmin-Frontend\\src\\utilities\\TransactionColDef\\TransactionColDef.tsx": {"path":"C:\\Users\\utkarshmahajan\\Documents\\NEWarehouseAdmin-Frontend\\src\\utilities\\TransactionColDef\\TransactionColDef.tsx","statementMap":{"0":{"start":{"line":6,"column":0},"end":{"line":6,"column":40}},"1":{"start":{"line":7,"column":0},"end":{"line":7,"column":67}},"2":{"start":{"line":14,"column":13},"end":{"line":69,"column":2}},"3":{"start":{"line":21,"column":6},"end":{"line":21,"column":74}},"4":{"start":{"line":29,"column":6},"end":{"line":29,"column":74}},"5":{"start":{"line":33,"column":6},"end":{"line":33,"column":46}},"6":{"start":{"line":45,"column":6},"end":{"line":45,"column":74}},"7":{"start":{"line":48,"column":6},"end":{"line":48,"column":28}},"8":{"start":{"line":56,"column":6},"end":{"line":56,"column":74}},"9":{"start":{"line":63,"column":6},"end":{"line":63,"column":65}},"10":{"start":{"line":72,"column":2},"end":{"line":78,"column":4}}},"fnMap":{"0":{"name":"(anonymous_0)","decl":{"start":{"line":20,"column":18},"end":{"line":20,"column":19}},"loc":{"start":{"line":20,"column":53},"end":{"line":22,"column":5}}},"1":{"name":"(anonymous_1)","decl":{"start":{"line":28,"column":18},"end":{"line":28,"column":19}},"loc":{"start":{"line":28,"column":53},"end":{"line":30,"column":5}}},"2":{"name":"(anonymous_2)","decl":{"start":{"line":32,"column":17},"end":{"line":32,"column":18}},"loc":{"start":{"line":32,"column":34},"end":{"line":34,"column":5}}},"3":{"name":"(anonymous_3)","decl":{"start":{"line":44,"column":18},"end":{"line":44,"column":19}},"loc":{"start":{"line":44,"column":53},"end":{"line":46,"column":5}}},"4":{"name":"(anonymous_4)","decl":{"start":{"line":47,"column":17},"end":{"line":47,"column":18}},"loc":{"start":{"line":47,"column":29},"end":{"line":49,"column":5}}},"5":{"name":"(anonymous_5)","decl":{"start":{"line":55,"column":18},"end":{"line":55,"column":19}},"loc":{"start":{"line":55,"column":53},"end":{"line":57,"column":5}}},"6":{"name":"(anonymous_6)","decl":{"start":{"line":60,"column":16},"end":{"line":60,"column":null}},"loc":{"start":{"line":62,"column":8},"end":{"line":64,"column":5}}},"7":{"name":"PaymentGrid","decl":{"start":{"line":71,"column":9},"end":{"line":71,"column":20}},"loc":{"start":{"line":71,"column":55},"end":{"line":79,"column":1}}}},"branchMap":{"0":{"loc":{"start":{"line":21,"column":39},"end":{"line":21,"column":69}},"type":"binary-expr","locations":[{"start":{"line":21,"column":39},"end":{"line":21,"column":63}},{"start":{"line":21,"column":67},"end":{"line":21,"column":69}}]},"1":{"loc":{"start":{"line":29,"column":39},"end":{"line":29,"column":69}},"type":"binary-expr","locations":[{"start":{"line":29,"column":39},"end":{"line":29,"column":63}},{"start":{"line":29,"column":67},"end":{"line":29,"column":69}}]},"2":{"loc":{"start":{"line":45,"column":39},"end":{"line":45,"column":69}},"type":"binary-expr","locations":[{"start":{"line":45,"column":39},"end":{"line":45,"column":63}},{"start":{"line":45,"column":67},"end":{"line":45,"column":69}}]},"3":{"loc":{"start":{"line":56,"column":39},"end":{"line":56,"column":69}},"type":"binary-expr","locations":[{"start":{"line":56,"column":39},"end":{"line":56,"column":63}},{"start":{"line":56,"column":67},"end":{"line":56,"column":69}}]},"4":{"loc":{"start":{"line":63,"column":42},"end":{"line":63,"column":60}},"type":"binary-expr","locations":[{"start":{"line":63,"column":42},"end":{"line":63,"column":54}},{"start":{"line":63,"column":58},"end":{"line":63,"column":60}}]}},"s":{"0":1,"1":1,"2":1,"3":7,"4":7,"5":35,"6":7,"7":35,"8":7,"9":35,"10":35},"f":{"0":7,"1":7,"2":35,"3":7,"4":35,"5":7,"6":35,"7":35},"b":{"0":[7,0],"1":[7,0],"2":[7,0],"3":[7,0],"4":[35,0]}}
}
