{"C:\\NEWarehouseAdmin-Frontend\\src\\component\\AlertDialog\\AlertDialog.tsx": {"path":"C:\\NEWarehouseAdmin-Frontend\\src\\component\\AlertDialog\\AlertDialog.tsx","statementMap":{"0":{"start":{"line":1,"column":0},"end":{"line":1,"column":42}},"1":{"start":{"line":2,"column":0},"end":{"line":2,"column":42}},"2":{"start":{"line":3,"column":0},"end":{"line":3,"column":56}},"3":{"start":{"line":4,"column":0},"end":{"line":4,"column":56}},"4":{"start":{"line":5,"column":0},"end":{"line":5,"column":64}},"5":{"start":{"line":7,"column":0},"end":{"line":7,"column":55}},"6":{"start":{"line":8,"column":0},"end":{"line":8,"column":45}},"7":{"start":{"line":16,"column":22},"end":{"line":18,"column":3}},"8":{"start":{"line":17,"column":4},"end":{"line":17,"column":25}},"9":{"start":{"line":20,"column":14},"end":{"line":20,"column":30}},"10":{"start":{"line":22,"column":2},"end":{"line":42,"column":4}},"11":{"start":{"line":45,"column":0},"end":{"line":45,"column":27}}},"fnMap":{"0":{"name":"AlertDialog","decl":{"start":{"line":10,"column":9},"end":{"line":10,"column":20}},"loc":{"start":{"line":15,"column":19},"end":{"line":43,"column":1}}},"1":{"name":"(anonymous_1)","decl":{"start":{"line":16,"column":22},"end":{"line":16,"column":25}},"loc":{"start":{"line":16,"column":27},"end":{"line":18,"column":3}}}},"branchMap":{},"s":{"0":1,"1":1,"2":1,"3":1,"4":1,"5":1,"6":1,"7":3,"8":1,"9":3,"10":3,"11":1},"f":{"0":3,"1":1},"b":{}}
,"C:\\NEWarehouseAdmin-Frontend\\src\\component\\DetailsCard\\DetailsCard.tsx": {"path":"C:\\NEWarehouseAdmin-Frontend\\src\\component\\DetailsCard\\DetailsCard.tsx","statementMap":{"0":{"start":{"line":1,"column":0},"end":{"line":1,"column":38}},"1":{"start":{"line":2,"column":0},"end":{"line":2,"column":52}},"2":{"start":{"line":3,"column":0},"end":{"line":3,"column":50}},"3":{"start":{"line":4,"column":0},"end":{"line":4,"column":40}},"4":{"start":{"line":6,"column":0},"end":{"line":6,"column":28}},"5":{"start":{"line":7,"column":0},"end":{"line":7,"column":55}},"6":{"start":{"line":16,"column":2},"end":{"line":52,"column":4}},"7":{"start":{"line":55,"column":0},"end":{"line":55,"column":27}}},"fnMap":{"0":{"name":"DetailsCard","decl":{"start":{"line":10,"column":9},"end":{"line":10,"column":20}},"loc":{"start":{"line":15,"column":19},"end":{"line":53,"column":1}}}},"branchMap":{},"s":{"0":1,"1":1,"2":1,"3":1,"4":1,"5":1,"6":4,"7":1},"f":{"0":4},"b":{}}
,"C:\\NEWarehouseAdmin-Frontend\\src\\component\\DriverSelectionGrid\\DriverSelectionGrid.tsx": {"path":"C:\\NEWarehouseAdmin-Frontend\\src\\component\\DriverSelectionGrid\\DriverSelectionGrid.tsx","statementMap":{"0":{"start":{"line":1,"column":0},"end":{"line":1,"column":50}},"1":{"start":{"line":2,"column":0},"end":{"line":2,"column":36}},"2":{"start":{"line":3,"column":0},"end":{"line":3,"column":54}},"3":{"start":{"line":4,"column":0},"end":{"line":4,"column":64}},"4":{"start":{"line":10,"column":0},"end":{"line":10,"column":50}},"5":{"start":{"line":11,"column":0},"end":{"line":11,"column":53}},"6":{"start":{"line":12,"column":0},"end":{"line":12,"column":36}},"7":{"start":{"line":14,"column":0},"end":{"line":14,"column":55}},"8":{"start":{"line":15,"column":0},"end":{"line":15,"column":53}},"9":{"start":{"line":16,"column":0},"end":{"line":16,"column":51}},"10":{"start":{"line":18,"column":0},"end":{"line":18,"column":47}},"11":{"start":{"line":19,"column":0},"end":{"line":19,"column":75}},"12":{"start":{"line":20,"column":0},"end":{"line":20,"column":45}},"13":{"start":{"line":31,"column":44},"end":{"line":31,"column":66}},"14":{"start":{"line":34,"column":38},"end":{"line":34,"column":50}},"15":{"start":{"line":38,"column":4},"end":{"line":46,"column":6}},"16":{"start":{"line":40,"column":26},"end":{"line":40,"column":58}},"17":{"start":{"line":43,"column":12},"end":{"line":44,"column":62}},"18":{"start":{"line":52,"column":4},"end":{"line":52,"column":28}},"19":{"start":{"line":57,"column":4},"end":{"line":57,"column":31}},"20":{"start":{"line":61,"column":2},"end":{"line":63,"column":44}},"21":{"start":{"line":62,"column":4},"end":{"line":62,"column":34}},"22":{"start":{"line":65,"column":2},"end":{"line":98,"column":3}},"23":{"start":{"line":66,"column":4},"end":{"line":66,"column":23}},"24":{"start":{"line":68,"column":4},"end":{"line":97,"column":6}},"25":{"start":{"line":87,"column":12},"end":{"line":93,"column":14}},"26":{"start":{"line":101,"column":0},"end":{"line":101,"column":35}},"27":{"start":{"line":109,"column":14},"end":{"line":109,"column":30}},"28":{"start":{"line":111,"column":40},"end":{"line":111,"column":52}},"29":{"start":{"line":113,"column":24},"end":{"line":113,"column":59}},"30":{"start":{"line":117,"column":4},"end":{"line":119,"column":5}},"31":{"start":{"line":118,"column":6},"end":{"line":118,"column":42}},"32":{"start":{"line":120,"column":4},"end":{"line":120,"column":53}},"33":{"start":{"line":123,"column":4},"end":{"line":125,"column":12}},"34":{"start":{"line":124,"column":6},"end":{"line":124,"column":39}},"35":{"start":{"line":128,"column":2},"end":{"line":170,"column":4}}},"fnMap":{"0":{"name":"DriverSelectionGrid","decl":{"start":{"line":22,"column":9},"end":{"line":22,"column":28}},"loc":{"start":{"line":29,"column":27},"end":{"line":99,"column":1}}},"1":{"name":"filterDriverArray","decl":{"start":{"line":37,"column":11},"end":{"line":37,"column":28}},"loc":{"start":{"line":37,"column":47},"end":{"line":47,"column":3}}},"2":{"name":"(anonymous_2)","decl":{"start":{"line":40,"column":16},"end":{"line":40,"column":22}},"loc":{"start":{"line":40,"column":26},"end":{"line":40,"column":58}}},"3":{"name":"(anonymous_3)","decl":{"start":{"line":42,"column":10},"end":{"line":42,"column":16}},"loc":{"start":{"line":43,"column":12},"end":{"line":44,"column":62}}},"4":{"name":"handleDriverTypeChange","decl":{"start":{"line":48,"column":11},"end":{"line":48,"column":33}},"loc":{"start":{"line":50,"column":47},"end":{"line":53,"column":3}}},"5":{"name":"searchDriver","decl":{"start":{"line":56,"column":11},"end":{"line":56,"column":23}},"loc":{"start":{"line":56,"column":43},"end":{"line":58,"column":3}}},"6":{"name":"(anonymous_6)","decl":{"start":{"line":61,"column":12},"end":{"line":61,"column":15}},"loc":{"start":{"line":61,"column":17},"end":{"line":63,"column":3}}},"7":{"name":"(anonymous_7)","decl":{"start":{"line":86,"column":29},"end":{"line":86,"column":35}},"loc":{"start":{"line":86,"column":38},"end":{"line":94,"column":11}}},"8":{"name":"DriverNameGridHeader","decl":{"start":{"line":104,"column":9},"end":{"line":104,"column":29}},"loc":{"start":{"line":108,"column":28},"end":{"line":171,"column":1}}},"9":{"name":"handleSearchInput","decl":{"start":{"line":114,"column":11},"end":{"line":114,"column":28}},"loc":{"start":{"line":114,"column":65},"end":{"line":126,"column":3}}},"10":{"name":"(anonymous_10)","decl":{"start":{"line":123,"column":39},"end":{"line":123,"column":42}},"loc":{"start":{"line":123,"column":44},"end":{"line":125,"column":5}}}},"branchMap":{"0":{"loc":{"start":{"line":43,"column":12},"end":{"line":44,"column":62}},"type":"binary-expr","locations":[{"start":{"line":43,"column":12},"end":{"line":43,"column":64}},{"start":{"line":44,"column":12},"end":{"line":44,"column":62}}]},"1":{"loc":{"start":{"line":65,"column":2},"end":{"line":98,"column":3}},"type":"if","locations":[{"start":{"line":65,"column":2},"end":{"line":98,"column":3}},{"start":{"line":67,"column":9},"end":{"line":98,"column":3}}]},"2":{"loc":{"start":{"line":117,"column":4},"end":{"line":119,"column":5}},"type":"if","locations":[{"start":{"line":117,"column":4},"end":{"line":119,"column":5}}]}},"s":{"0":1,"1":1,"2":1,"3":1,"4":1,"5":1,"6":1,"7":1,"8":1,"9":1,"10":1,"11":1,"12":1,"13":24,"14":24,"15":12,"16":24,"17":22,"18":1,"19":2,"20":24,"21":12,"22":24,"23":0,"24":24,"25":25,"26":1,"27":33,"28":33,"29":33,"30":9,"31":7,"32":9,"33":9,"34":2,"35":33},"f":{"0":24,"1":12,"2":24,"3":22,"4":1,"5":2,"6":12,"7":25,"8":33,"9":9,"10":2},"b":{"0":[22,1],"1":[0,24],"2":[7]}}
,"C:\\NEWarehouseAdmin-Frontend\\src\\component\\DriverSelectionGrid\\DriverCard\\DriverCard.tsx": {"path":"C:\\NEWarehouseAdmin-Frontend\\src\\component\\DriverSelectionGrid\\DriverCard\\DriverCard.tsx","statementMap":{"0":{"start":{"line":1,"column":0},"end":{"line":1,"column":40}},"1":{"start":{"line":2,"column":0},"end":{"line":2,"column":41}},"2":{"start":{"line":3,"column":0},"end":{"line":3,"column":42}},"3":{"start":{"line":4,"column":0},"end":{"line":4,"column":40}},"4":{"start":{"line":5,"column":0},"end":{"line":5,"column":40}},"5":{"start":{"line":6,"column":0},"end":{"line":6,"column":62}},"6":{"start":{"line":7,"column":0},"end":{"line":7,"column":36}},"7":{"start":{"line":9,"column":0},"end":{"line":9,"column":27}},"8":{"start":{"line":10,"column":0},"end":{"line":10,"column":55}},"9":{"start":{"line":14,"column":2},"end":{"line":56,"column":4}},"10":{"start":{"line":59,"column":0},"end":{"line":59,"column":26}}},"fnMap":{"0":{"name":"DriverCard","decl":{"start":{"line":13,"column":9},"end":{"line":13,"column":19}},"loc":{"start":{"line":13,"column":63},"end":{"line":57,"column":1}}}},"branchMap":{"0":{"loc":{"start":{"line":17,"column":32},"end":{"line":17,"column":85}},"type":"cond-expr","locations":[{"start":{"line":17,"column":70},"end":{"line":17,"column":80}},{"start":{"line":17,"column":83},"end":{"line":17,"column":85}}]}},"s":{"0":1,"1":1,"2":1,"3":1,"4":1,"5":1,"6":1,"7":1,"8":1,"9":25,"10":1},"f":{"0":25},"b":{"0":[12,13]}}
,"C:\\NEWarehouseAdmin-Frontend\\src\\component\\LanguageSelect\\LanguageSelect.tsx": {"path":"C:\\NEWarehouseAdmin-Frontend\\src\\component\\LanguageSelect\\LanguageSelect.tsx","statementMap":{"0":{"start":{"line":1,"column":0},"end":{"line":1,"column":38}},"1":{"start":{"line":2,"column":0},"end":{"line":2,"column":58}},"2":{"start":{"line":3,"column":0},"end":{"line":3,"column":54}},"3":{"start":{"line":4,"column":0},"end":{"line":4,"column":54}},"4":{"start":{"line":5,"column":0},"end":{"line":5,"column":46}},"5":{"start":{"line":6,"column":0},"end":{"line":6,"column":42}},"6":{"start":{"line":7,"column":0},"end":{"line":7,"column":42}},"7":{"start":{"line":8,"column":0},"end":{"line":8,"column":56}},"8":{"start":{"line":9,"column":0},"end":{"line":9,"column":56}},"9":{"start":{"line":11,"column":0},"end":{"line":11,"column":47}},"10":{"start":{"line":12,"column":0},"end":{"line":12,"column":49}},"11":{"start":{"line":13,"column":0},"end":{"line":13,"column":31}},"12":{"start":{"line":15,"column":0},"end":{"line":15,"column":43}},"13":{"start":{"line":16,"column":0},"end":{"line":16,"column":45}},"14":{"start":{"line":17,"column":0},"end":{"line":17,"column":55}},"15":{"start":{"line":21,"column":17},"end":{"line":36,"column":4}},"16":{"start":{"line":39,"column":6},"end":{"line":39,"column":22}},"17":{"start":{"line":40,"column":26},"end":{"line":40,"column":41}},"18":{"start":{"line":41,"column":48},"end":{"line":41,"column":66}},"19":{"start":{"line":44,"column":22},"end":{"line":48,"column":3}},"20":{"start":{"line":45,"column":24},"end":{"line":45,"column":62}},"21":{"start":{"line":46,"column":4},"end":{"line":46,"column":36}},"22":{"start":{"line":47,"column":4},"end":{"line":47,"column":32}},"23":{"start":{"line":54,"column":4},"end":{"line":54,"column":28}},"24":{"start":{"line":55,"column":4},"end":{"line":55,"column":19}},"25":{"start":{"line":58,"column":2},"end":{"line":103,"column":4}},"26":{"start":{"line":106,"column":0},"end":{"line":106,"column":30}},"27":{"start":{"line":110,"column":2},"end":{"line":124,"column":4}},"28":{"start":{"line":127,"column":2},"end":{"line":140,"column":4}}},"fnMap":{"0":{"name":"LanguageSelect","decl":{"start":{"line":19,"column":9},"end":{"line":19,"column":23}},"loc":{"start":{"line":19,"column":23},"end":{"line":104,"column":1}}},"1":{"name":"(anonymous_1)","decl":{"start":{"line":44,"column":22},"end":{"line":44,"column":25}},"loc":{"start":{"line":44,"column":27},"end":{"line":48,"column":3}}},"2":{"name":"handleToggle","decl":{"start":{"line":51,"column":11},"end":{"line":51,"column":23}},"loc":{"start":{"line":52,"column":63},"end":{"line":56,"column":3}}},"3":{"name":"FrenchButton","decl":{"start":{"line":109,"column":9},"end":{"line":109,"column":21}},"loc":{"start":{"line":109,"column":21},"end":{"line":125,"column":1}}},"4":{"name":"EnglishButton","decl":{"start":{"line":126,"column":9},"end":{"line":126,"column":22}},"loc":{"start":{"line":126,"column":22},"end":{"line":141,"column":1}}}},"branchMap":{"0":{"loc":{"start":{"line":45,"column":24},"end":{"line":45,"column":62}},"type":"cond-expr","locations":[{"start":{"line":45,"column":51},"end":{"line":45,"column":55}},{"start":{"line":45,"column":58},"end":{"line":45,"column":62}}]},"1":{"loc":{"start":{"line":68,"column":11},"end":{"line":68,"column":74}},"type":"cond-expr","locations":[{"start":{"line":68,"column":38},"end":{"line":68,"column":55}},{"start":{"line":68,"column":58},"end":{"line":68,"column":74}}]},"2":{"loc":{"start":{"line":85,"column":13},"end":{"line":85,"column":68}},"type":"cond-expr","locations":[{"start":{"line":85,"column":20},"end":{"line":85,"column":51}},{"start":{"line":85,"column":54},"end":{"line":85,"column":68}}]},"3":{"loc":{"start":{"line":97,"column":15},"end":{"line":97,"column":78}},"type":"cond-expr","locations":[{"start":{"line":97,"column":42},"end":{"line":97,"column":59}},{"start":{"line":97,"column":62},"end":{"line":97,"column":78}}]}},"s":{"0":1,"1":1,"2":1,"3":1,"4":1,"5":1,"6":1,"7":1,"8":1,"9":1,"10":1,"11":1,"12":1,"13":1,"14":1,"15":6,"16":6,"17":6,"18":6,"19":6,"20":1,"21":1,"22":1,"23":2,"24":2,"25":6,"26":1,"27":3,"28":5},"f":{"0":6,"1":1,"2":2,"3":3,"4":5},"b":{"0":[1,0],"1":[5,1],"2":[1,5],"3":[1,5]}}
,"C:\\NEWarehouseAdmin-Frontend\\src\\component\\Timeline\\Timeline.tsx": {"path":"C:\\NEWarehouseAdmin-Frontend\\src\\component\\Timeline\\Timeline.tsx","statementMap":{"0":{"start":{"line":1,"column":0},"end":{"line":1,"column":44}},"1":{"start":{"line":2,"column":0},"end":{"line":2,"column":63}},"2":{"start":{"line":3,"column":0},"end":{"line":3,"column":45}},"3":{"start":{"line":4,"column":0},"end":{"line":4,"column":25}},"4":{"start":{"line":7,"column":14},"end":{"line":7,"column":30}},"5":{"start":{"line":8,"column":46},"end":{"line":8,"column":73}},"6":{"start":{"line":11,"column":2},"end":{"line":13,"column":9}},"7":{"start":{"line":12,"column":4},"end":{"line":12,"column":20}},"8":{"start":{"line":15,"column":2},"end":{"line":40,"column":4}},"9":{"start":{"line":22,"column":12},"end":{"line":22,"column":25}},"10":{"start":{"line":43,"column":0},"end":{"line":43,"column":24}}},"fnMap":{"0":{"name":"Timeline","decl":{"start":{"line":6,"column":9},"end":{"line":6,"column":17}},"loc":{"start":{"line":6,"column":17},"end":{"line":41,"column":1}}},"1":{"name":"(anonymous_1)","decl":{"start":{"line":11,"column":12},"end":{"line":11,"column":15}},"loc":{"start":{"line":11,"column":17},"end":{"line":13,"column":3}}},"2":{"name":"(anonymous_2)","decl":{"start":{"line":19,"column":22},"end":{"line":19,"column":23}},"loc":{"start":{"line":22,"column":12},"end":{"line":22,"column":25}}}},"branchMap":{"0":{"loc":{"start":{"line":25,"column":17},"end":{"line":27,"column":24}},"type":"cond-expr","locations":[{"start":{"line":26,"column":18},"end":{"line":26,"column":52}},{"start":{"line":27,"column":20},"end":{"line":27,"column":24}}]},"1":{"loc":{"start":{"line":31,"column":30},"end":{"line":31,"column":73}},"type":"cond-expr","locations":[{"start":{"line":31,"column":53},"end":{"line":31,"column":61}},{"start":{"line":31,"column":64},"end":{"line":31,"column":73}}]}},"s":{"0":1,"1":1,"2":1,"3":1,"4":5,"5":5,"6":5,"7":5,"8":5,"9":15,"10":1},"f":{"0":5,"1":5,"2":15},"b":{"0":[10,5],"1":[10,5]}}
,"C:\\NEWarehouseAdmin-Frontend\\src\\context\\timeline\\timelineContext.ts": {"path":"C:\\NEWarehouseAdmin-Frontend\\src\\context\\timeline\\timelineContext.ts","statementMap":{"0":{"start":{"line":1,"column":0},"end":{"line":1,"column":36}},"1":{"start":{"line":5,"column":24},"end":{"line":15,"column":2}},"2":{"start":{"line":17,"column":0},"end":{"line":17,"column":31}}},"fnMap":{"0":{"name":"(anonymous_0)","decl":{"start":{"line":8,"column":18},"end":{"line":8,"column":21}},"loc":{"start":{"line":8,"column":23},"end":{"line":8,"column":26}}},"1":{"name":"(anonymous_1)","decl":{"start":{"line":9,"column":17},"end":{"line":9,"column":20}},"loc":{"start":{"line":9,"column":22},"end":{"line":9,"column":25}}},"2":{"name":"(anonymous_2)","decl":{"start":{"line":10,"column":17},"end":{"line":10,"column":20}},"loc":{"start":{"line":10,"column":22},"end":{"line":10,"column":25}}},"3":{"name":"(anonymous_3)","decl":{"start":{"line":11,"column":17},"end":{"line":11,"column":20}},"loc":{"start":{"line":11,"column":22},"end":{"line":11,"column":25}}},"4":{"name":"(anonymous_4)","decl":{"start":{"line":13,"column":21},"end":{"line":13,"column":24}},"loc":{"start":{"line":13,"column":26},"end":{"line":13,"column":29}}},"5":{"name":"(anonymous_5)","decl":{"start":{"line":14,"column":20},"end":{"line":14,"column":23}},"loc":{"start":{"line":14,"column":25},"end":{"line":14,"column":28}}}},"branchMap":{},"s":{"0":1,"1":1,"2":1},"f":{"0":0,"1":0,"2":0,"3":0,"4":0,"5":0},"b":{}}
,"C:\\NEWarehouseAdmin-Frontend\\src\\screens\\Loading\\Loading.tsx": {"path":"C:\\NEWarehouseAdmin-Frontend\\src\\screens\\Loading\\Loading.tsx","statementMap":{"0":{"start":{"line":1,"column":0},"end":{"line":1,"column":42}},"1":{"start":{"line":2,"column":0},"end":{"line":2,"column":24}},"2":{"start":{"line":5,"column":2},"end":{"line":14,"column":4}},"3":{"start":{"line":17,"column":0},"end":{"line":17,"column":23}}},"fnMap":{"0":{"name":"Loading","decl":{"start":{"line":4,"column":9},"end":{"line":4,"column":16}},"loc":{"start":{"line":4,"column":16},"end":{"line":15,"column":1}}}},"branchMap":{},"s":{"0":1,"1":1,"2":0,"3":1},"f":{"0":0},"b":{}}
}
