TN:
SF:src\component\AlertDialog\AlertDialog.tsx
FN:10,AlertDialog
FN:16,(anonymous_1)
FNF:2
FNH:2
FNDA:3,AlertDialog
FNDA:1,(anonymous_1)
DA:1,1
DA:2,1
DA:3,1
DA:4,1
DA:5,1
DA:7,1
DA:8,1
DA:16,3
DA:17,1
DA:20,3
DA:22,3
DA:45,1
LF:12
LH:12
BRF:0
BRH:0
end_of_record
TN:
SF:src\component\DetailsCard\DetailsCard.tsx
FN:10,DetailsCard
FNF:1
FNH:1
FNDA:4,DetailsCard
DA:1,1
DA:2,1
DA:3,1
DA:4,1
DA:6,1
DA:7,1
DA:16,4
DA:55,1
LF:8
LH:8
BRF:0
BRH:0
end_of_record
TN:
SF:src\component\DriverSelectionGrid\DriverSelectionGrid.tsx
FN:22,DriverSelectionGrid
FN:37,filterDriverArray
FN:40,(anonymous_2)
FN:42,(anonymous_3)
FN:48,handleDriverTypeChange
FN:56,searchDriver
FN:61,(anonymous_6)
FN:86,(anonymous_7)
FN:104,DriverNameGridHeader
FN:114,handleSearchInput
FN:123,(anonymous_10)
FNF:11
FNH:11
FNDA:24,DriverSelectionGrid
FNDA:12,filterDriverArray
FNDA:24,(anonymous_2)
FNDA:22,(anonymous_3)
FNDA:1,handleDriverTypeChange
FNDA:2,searchDriver
FNDA:12,(anonymous_6)
FNDA:25,(anonymous_7)
FNDA:33,DriverNameGridHeader
FNDA:9,handleSearchInput
FNDA:2,(anonymous_10)
DA:1,1
DA:2,1
DA:3,1
DA:4,1
DA:10,1
DA:11,1
DA:12,1
DA:14,1
DA:15,1
DA:16,1
DA:18,1
DA:19,1
DA:20,1
DA:31,24
DA:34,24
DA:38,12
DA:40,24
DA:43,22
DA:52,1
DA:57,2
DA:61,24
DA:62,12
DA:65,24
DA:66,0
DA:68,24
DA:87,25
DA:101,1
DA:109,33
DA:111,33
DA:113,33
DA:117,9
DA:118,7
DA:120,9
DA:123,9
DA:124,2
DA:128,33
LF:36
LH:35
BRDA:43,0,0,22
BRDA:43,0,1,1
BRDA:65,1,0,0
BRDA:65,1,1,24
BRDA:117,2,0,7
BRF:5
BRH:4
end_of_record
TN:
SF:src\component\DriverSelectionGrid\DriverCard\DriverCard.tsx
FN:13,DriverCard
FNF:1
FNH:1
FNDA:25,DriverCard
DA:1,1
DA:2,1
DA:3,1
DA:4,1
DA:5,1
DA:6,1
DA:7,1
DA:9,1
DA:10,1
DA:14,25
DA:59,1
LF:11
LH:11
BRDA:17,0,0,12
BRDA:17,0,1,13
BRF:2
BRH:2
end_of_record
TN:
SF:src\component\LanguageSelect\LanguageSelect.tsx
FN:19,LanguageSelect
FN:44,(anonymous_1)
FN:51,handleToggle
FN:109,FrenchButton
FN:126,EnglishButton
FNF:5
FNH:5
FNDA:6,LanguageSelect
FNDA:1,(anonymous_1)
FNDA:2,handleToggle
FNDA:3,FrenchButton
FNDA:5,EnglishButton
DA:1,1
DA:2,1
DA:3,1
DA:4,1
DA:5,1
DA:6,1
DA:7,1
DA:8,1
DA:9,1
DA:11,1
DA:12,1
DA:13,1
DA:15,1
DA:16,1
DA:17,1
DA:21,6
DA:39,6
DA:40,6
DA:41,6
DA:44,6
DA:45,1
DA:46,1
DA:47,1
DA:54,2
DA:55,2
DA:58,6
DA:106,1
DA:110,3
DA:127,5
LF:29
LH:29
BRDA:45,0,0,1
BRDA:45,0,1,0
BRDA:68,1,0,5
BRDA:68,1,1,1
BRDA:85,2,0,1
BRDA:85,2,1,5
BRDA:97,3,0,1
BRDA:97,3,1,5
BRF:8
BRH:7
end_of_record
TN:
SF:src\component\Timeline\Timeline.tsx
FN:6,Timeline
FN:11,(anonymous_1)
FN:19,(anonymous_2)
FNF:3
FNH:3
FNDA:5,Timeline
FNDA:5,(anonymous_1)
FNDA:15,(anonymous_2)
DA:1,1
DA:2,1
DA:3,1
DA:4,1
DA:7,5
DA:8,5
DA:11,5
DA:12,5
DA:15,5
DA:22,15
DA:43,1
LF:11
LH:11
BRDA:25,0,0,10
BRDA:25,0,1,5
BRDA:31,1,0,10
BRDA:31,1,1,5
BRF:4
BRH:4
end_of_record
TN:
SF:src\context\timeline\timelineContext.ts
FN:8,(anonymous_0)
FN:9,(anonymous_1)
FN:10,(anonymous_2)
FN:11,(anonymous_3)
FN:13,(anonymous_4)
FN:14,(anonymous_5)
FNF:6
FNH:0
FNDA:0,(anonymous_0)
FNDA:0,(anonymous_1)
FNDA:0,(anonymous_2)
FNDA:0,(anonymous_3)
FNDA:0,(anonymous_4)
FNDA:0,(anonymous_5)
DA:1,1
DA:5,1
DA:17,1
LF:3
LH:3
BRF:0
BRH:0
end_of_record
TN:
SF:src\screens\Loading\Loading.tsx
FN:4,Loading
FNF:1
FNH:0
FNDA:0,Loading
DA:1,1
DA:2,1
DA:5,0
DA:17,1
LF:4
LH:3
BRF:0
BRH:0
end_of_record
