TN:
SF:src\api\api.ts
FN:15,(anonymous_0)
FN:23,(anonymous_1)
FN:27,(anonymous_2)
FNF:3
FNH:2
FNDA:4,(anonymous_0)
FNDA:4,(anonymous_1)
FNDA:0,(anonymous_2)
DA:1,1
DA:6,1
DA:8,1
DA:10,1
DA:15,1
DA:16,4
DA:17,0
DA:19,4
DA:22,1
DA:25,4
DA:29,0
LF:11
LH:9
BRDA:16,0,0,0
BRF:1
BRH:0
end_of_record
TN:
SF:src\api\config.ts
FNF:0
FNH:0
DA:1,1
LF:1
LH:1
BRF:0
BRH:0
end_of_record
TN:
SF:src\component\AlertDialog\AlertDialog.tsx
FN:10,AlertDialog
FN:16,(anonymous_1)
FNF:2
FNH:2
FNDA:15,AlertDialog
FNDA:1,(anonymous_1)
DA:1,1
DA:2,1
DA:3,1
DA:4,1
DA:5,1
DA:7,1
DA:8,1
DA:16,15
DA:17,1
DA:20,15
DA:22,15
DA:45,1
LF:12
LH:12
BRF:0
BRH:0
end_of_record
TN:
SF:src\component\BlackButton\BlackButton.tsx
FNF:0
FNH:0
DA:1,1
DA:2,1
DA:4,1
DA:12,1
LF:4
LH:4
BRF:0
BRH:0
end_of_record
TN:
SF:src\component\ColumnHeader\ColumnHeader.tsx
FN:4,ColumnHeader
FNF:1
FNH:1
FNDA:18,ColumnHeader
DA:1,1
DA:4,1
DA:5,18
DA:7,18
LF:4
LH:4
BRF:0
BRH:0
end_of_record
TN:
SF:src\component\DriverSelectionGrid\DriverSelectionGrid.tsx
FN:22,DriverSelectionGrid
FN:36,filterDriverArray
FN:39,(anonymous_2)
FN:41,(anonymous_3)
FN:47,handleDriverTypeChange
FN:55,searchDriver
FN:60,(anonymous_6)
FN:85,(anonymous_7)
FN:103,DriverNameGridHeader
FN:113,handleSearchInput
FN:122,(anonymous_10)
FNF:11
FNH:7
FNDA:7,DriverSelectionGrid
FNDA:2,filterDriverArray
FNDA:2,(anonymous_2)
FNDA:2,(anonymous_3)
FNDA:0,handleDriverTypeChange
FNDA:0,searchDriver
FNDA:2,(anonymous_6)
FNDA:8,(anonymous_7)
FNDA:5,DriverNameGridHeader
FNDA:0,handleSearchInput
FNDA:0,(anonymous_10)
DA:1,1
DA:2,1
DA:3,1
DA:4,1
DA:10,1
DA:11,1
DA:12,1
DA:14,1
DA:15,1
DA:16,1
DA:18,1
DA:19,1
DA:20,1
DA:31,7
DA:33,7
DA:37,2
DA:39,2
DA:42,2
DA:51,0
DA:56,0
DA:60,7
DA:61,2
DA:64,7
DA:65,2
DA:67,5
DA:86,8
DA:100,1
DA:108,5
DA:110,5
DA:112,5
DA:116,0
DA:117,0
DA:119,0
DA:122,0
DA:123,0
DA:127,5
LF:36
LH:29
BRDA:42,0,0,2
BRDA:42,0,1,0
BRDA:64,1,0,2
BRDA:64,1,1,5
BRDA:116,2,0,0
BRF:5
BRH:3
end_of_record
TN:
SF:src\component\DriverSelectionGrid\DriverCard\DriverCard.tsx
FN:13,DriverCard
FNF:1
FNH:1
FNDA:8,DriverCard
DA:1,1
DA:2,1
DA:3,1
DA:4,1
DA:5,1
DA:6,1
DA:7,1
DA:9,1
DA:10,1
DA:14,8
DA:59,1
LF:11
LH:11
BRDA:17,0,0,0
BRDA:17,0,1,8
BRF:2
BRH:1
end_of_record
TN:
SF:src\component\LanguageSelect\LanguageSelect.tsx
FN:19,LanguageSelect
FN:44,(anonymous_1)
FN:51,handleToggle
FN:109,FrenchButton
FN:126,EnglishButton
FNF:5
FNH:2
FNDA:15,LanguageSelect
FNDA:0,(anonymous_1)
FNDA:0,handleToggle
FNDA:0,FrenchButton
FNDA:15,EnglishButton
DA:1,1
DA:2,1
DA:3,1
DA:4,1
DA:5,1
DA:6,1
DA:7,1
DA:8,1
DA:9,1
DA:11,1
DA:12,1
DA:13,1
DA:15,1
DA:16,1
DA:17,1
DA:21,15
DA:39,15
DA:40,15
DA:41,15
DA:44,15
DA:45,0
DA:46,0
DA:47,0
DA:54,0
DA:55,0
DA:58,15
DA:106,1
DA:110,0
DA:127,15
LF:29
LH:23
BRDA:45,0,0,0
BRDA:45,0,1,0
BRDA:68,1,0,15
BRDA:68,1,1,0
BRDA:85,2,0,0
BRDA:85,2,1,15
BRDA:97,3,0,0
BRDA:97,3,1,15
BRF:8
BRH:3
end_of_record
TN:
SF:src\component\PageHeading\PageHeading.tsx
FN:8,PageHeading
FNF:1
FNH:1
FNDA:15,PageHeading
DA:2,1
DA:3,1
DA:6,1
DA:9,15
DA:29,1
LF:5
LH:5
BRF:0
BRH:0
end_of_record
TN:
SF:src\component\ScreenLayout\ScreenLayout.tsx
FN:5,ScreenLayout
FNF:1
FNH:1
FNDA:15,ScreenLayout
DA:1,1
DA:2,1
DA:6,15
DA:22,1
LF:4
LH:4
BRF:0
BRH:0
end_of_record
TN:
SF:src\component\SidebarNew\Sidebar.tsx
FN:11,(anonymous_0)
FN:15,(anonymous_1)
FN:17,(anonymous_2)
FN:31,(anonymous_3)
FNF:4
FNH:2
FNDA:15,(anonymous_0)
FNDA:0,(anonymous_1)
FNDA:0,(anonymous_2)
FNDA:45,(anonymous_3)
DA:1,1
DA:2,1
DA:3,1
DA:4,1
DA:5,1
DA:6,1
DA:7,1
DA:8,1
DA:9,1
DA:11,1
DA:12,15
DA:13,15
DA:14,15
DA:15,15
DA:17,15
DA:18,0
DA:19,0
DA:22,15
DA:32,45
DA:75,1
LF:20
LH:18
BRF:0
BRH:0
end_of_record
TN:
SF:src\component\SidebarNew\SidebarData.tsx
FNF:0
FNH:0
DA:1,1
DA:2,1
DA:3,1
DA:5,1
DA:6,1
DA:7,1
DA:8,1
DA:11,1
LF:8
LH:8
BRF:0
BRH:0
end_of_record
TN:
SF:src\component\SidebarNew\SubMenu.tsx
FN:7,SubMenu
FN:42,(anonymous_1)
FNF:2
FNH:1
FNDA:45,SubMenu
FNDA:0,(anonymous_1)
DA:1,1
DA:2,1
DA:3,1
DA:5,1
DA:8,45
DA:10,45
DA:43,0
DA:54,1
LF:8
LH:7
BRDA:12,0,0,15
BRDA:12,0,1,30
BRDA:25,1,0,0
BRDA:25,1,1,15
BRDA:40,2,0,45
BRDA:40,2,1,0
BRDA:40,2,2,0
BRF:7
BRH:4
end_of_record
TN:
SF:src\component\Table\Table.tsx
FN:18,(anonymous_0)
FN:47,CustomNoRowsOverlay
FN:93,CustomFilterItem
FN:97,CustomColumnMenu
FN:111,Table
FN:125,(anonymous_5)
FN:136,(anonymous_6)
FN:137,(anonymous_7)
FNF:8
FNH:5
FNDA:10,(anonymous_0)
FNDA:10,CustomNoRowsOverlay
FNDA:0,CustomFilterItem
FNDA:0,CustomColumnMenu
FNDA:6,Table
FNDA:0,(anonymous_5)
FNDA:20,(anonymous_6)
FNDA:10,(anonymous_7)
DA:1,1
DA:10,1
DA:11,1
DA:14,1
DA:16,1
DA:18,10
DA:48,10
DA:94,0
DA:98,0
DA:111,1
DA:120,6
DA:126,0
DA:136,20
DA:137,10
LF:14
LH:11
BRDA:26,0,0,10
BRDA:26,0,1,0
BRDA:30,1,0,10
BRDA:30,1,1,0
BRDA:35,2,0,10
BRDA:35,2,1,0
BRDA:38,3,0,10
BRDA:38,3,1,0
BRDA:41,4,0,10
BRDA:41,4,1,0
BRDA:43,5,0,10
BRDA:43,5,1,0
BRDA:118,6,0,6
BRF:13
BRH:7
end_of_record
TN:
SF:src\component\Timeline\Timeline.tsx
FN:6,Timeline
FN:11,(anonymous_1)
FN:19,(anonymous_2)
FNF:3
FNH:3
FNDA:15,Timeline
FNDA:1,(anonymous_1)
FNDA:73,(anonymous_2)
DA:1,1
DA:2,1
DA:3,1
DA:4,1
DA:7,15
DA:8,15
DA:11,15
DA:12,1
DA:15,15
DA:22,73
DA:43,1
LF:11
LH:11
BRDA:25,0,0,43
BRDA:25,0,1,30
BRDA:31,1,0,43
BRDA:31,1,1,30
BRF:4
BRH:4
end_of_record
TN:
SF:src\context\timeline\TimelineState.tsx
FN:10,TimelineState
FN:17,updateStepsArray
FN:20,updateOrderRoutes
FN:25,(anonymous_3)
FN:26,(anonymous_4)
FN:40,(anonymous_5)
FN:45,(anonymous_6)
FN:52,(anonymous_7)
FNF:8
FNH:7
FNDA:6,TimelineState
FNDA:1,updateStepsArray
FNDA:1,updateOrderRoutes
FNDA:4,(anonymous_3)
FNDA:4,(anonymous_4)
FNDA:4,(anonymous_5)
FNDA:0,(anonymous_6)
FNDA:1,(anonymous_7)
DA:1,1
DA:2,1
DA:3,1
DA:4,1
DA:11,6
DA:13,6
DA:15,6
DA:18,1
DA:21,1
DA:25,6
DA:26,4
DA:27,4
DA:31,4
DA:34,4
DA:35,4
DA:40,6
DA:41,4
DA:45,6
DA:46,0
DA:52,6
DA:54,1
DA:57,1
DA:58,1
DA:62,6
DA:80,1
LF:25
LH:24
BRDA:31,0,0,4
BRDA:31,0,1,0
BRDA:31,1,0,4
BRDA:31,1,1,4
BRDA:55,2,0,1
BRDA:55,2,1,1
BRDA:57,3,0,1
BRF:7
BRH:6
end_of_record
TN:
SF:src\context\timeline\timelineContext.ts
FN:8,(anonymous_0)
FN:9,(anonymous_1)
FN:10,(anonymous_2)
FN:11,(anonymous_3)
FN:13,(anonymous_4)
FN:14,(anonymous_5)
FNF:6
FNH:0
FNDA:0,(anonymous_0)
FNDA:0,(anonymous_1)
FNDA:0,(anonymous_2)
FNDA:0,(anonymous_3)
FNDA:0,(anonymous_4)
FNDA:0,(anonymous_5)
DA:1,1
DA:5,1
DA:17,1
LF:3
LH:3
BRF:0
BRH:0
end_of_record
TN:
SF:src\mockServices\handler.ts
FN:5,(anonymous_0)
FN:41,(anonymous_1)
FN:81,(anonymous_2)
FN:106,(anonymous_3)
FN:114,(anonymous_4)
FN:135,(anonymous_5)
FN:302,(anonymous_6)
FN:310,(anonymous_7)
FNF:8
FNH:4
FNDA:0,(anonymous_0)
FNDA:1,(anonymous_1)
FNDA:0,(anonymous_2)
FNDA:1,(anonymous_3)
FNDA:0,(anonymous_4)
FNDA:1,(anonymous_5)
FNDA:0,(anonymous_6)
FNDA:1,(anonymous_7)
DA:1,1
DA:2,1
DA:4,1
DA:6,0
DA:42,1
DA:82,0
DA:107,1
DA:115,0
DA:136,1
DA:137,1
DA:303,0
DA:311,1
LF:12
LH:8
BRDA:136,0,0,1
BRF:1
BRH:1
end_of_record
TN:
SF:src\mockServices\server.ts
FNF:0
FNH:0
DA:1,1
DA:2,1
DA:4,1
LF:3
LH:3
BRF:0
BRH:0
end_of_record
TN:
SF:src\screens\Loading\Loading.tsx
FN:4,Loading
FNF:1
FNH:1
FNDA:2,Loading
DA:1,1
DA:2,1
DA:5,2
DA:17,1
LF:4
LH:4
BRF:0
BRH:0
end_of_record
TN:
SF:src\screens\StockCheckIn\StockCheckIn.tsx
FN:39,StockCheckIn
FN:83,handleDriverSelection
FN:88,buttonDisabled
FN:97,handleTypeChange
FN:102,clearLocalStorage
FN:108,handleAlertClose
FN:130,fetchDrivers
FN:137,(anonymous_7)
FN:152,fetchDriverHistory
FN:163,(anonymous_9)
FN:175,(anonymous_10)
FN:182,(anonymous_11)
FN:198,unAssignStock
FN:217,(anonymous_13)
FN:223,(anonymous_14)
FN:228,(anonymous_15)
FN:229,(anonymous_16)
FN:236,(anonymous_17)
FN:242,(anonymous_18)
FN:288,(anonymous_19)
FN:307,(anonymous_20)
FN:309,(anonymous_21)
FNF:22
FNH:17
FNDA:24,StockCheckIn
FNDA:0,handleDriverSelection
FNDA:15,buttonDisabled
FNDA:1,handleTypeChange
FNDA:2,clearLocalStorage
FNDA:1,handleAlertClose
FNDA:1,fetchDrivers
FNDA:2,(anonymous_7)
FNDA:1,fetchDriverHistory
FNDA:5,(anonymous_9)
FNDA:0,(anonymous_10)
FNDA:0,(anonymous_11)
FNDA:1,unAssignStock
FNDA:15,(anonymous_13)
FNDA:15,(anonymous_14)
FNDA:1,(anonymous_15)
FNDA:0,(anonymous_16)
FNDA:1,(anonymous_17)
FNDA:5,(anonymous_18)
FNDA:0,(anonymous_19)
FNDA:4,(anonymous_20)
FNDA:1,(anonymous_21)
DA:1,1
DA:2,1
DA:3,1
DA:5,1
DA:6,1
DA:7,1
DA:8,1
DA:9,1
DA:12,1
DA:13,1
DA:14,1
DA:15,1
DA:16,1
DA:18,1
DA:19,1
DA:20,1
DA:21,1
DA:26,1
DA:28,1
DA:30,1
DA:35,1
DA:36,1
DA:37,1
DA:40,24
DA:41,24
DA:42,24
DA:43,24
DA:44,24
DA:45,24
DA:46,24
DA:47,24
DA:48,24
DA:51,24
DA:52,24
DA:62,24
DA:81,24
DA:84,0
DA:85,0
DA:86,0
DA:89,15
DA:90,13
DA:92,2
DA:98,1
DA:99,1
DA:100,1
DA:103,2
DA:104,2
DA:105,2
DA:109,1
DA:110,1
DA:111,1
DA:114,24
DA:133,1
DA:134,1
DA:135,1
DA:136,1
DA:137,1
DA:138,2
DA:143,2
DA:145,1
DA:146,1
DA:148,0
DA:149,0
DA:153,1
DA:155,1
DA:156,1
DA:159,1
DA:161,1
DA:163,5
DA:175,1
DA:182,1
DA:188,1
DA:189,1
DA:190,1
DA:191,1
DA:193,0
DA:194,0
DA:199,1
DA:200,1
DA:201,1
DA:208,1
DA:209,1
DA:210,1
DA:211,1
DA:213,0
DA:217,24
DA:218,15
DA:219,1
DA:220,1
DA:222,15
DA:223,15
DA:224,15
DA:228,24
DA:229,1
DA:230,0
DA:231,0
DA:234,1
DA:235,1
DA:236,1
DA:237,1
DA:238,1
DA:242,24
DA:243,5
DA:244,1
DA:245,1
DA:247,4
DA:250,24
DA:289,0
DA:308,4
DA:309,1
DA:310,1
DA:313,3
DA:330,1
LF:113
LH:102
BRDA:89,0,0,13
BRDA:89,0,1,2
BRDA:89,1,0,15
BRDA:89,1,1,15
BRDA:218,2,0,1
BRDA:230,3,0,0
BRDA:243,4,0,1
BRDA:243,4,1,4
BRDA:294,5,0,7
BRDA:294,5,1,17
BRDA:308,6,0,1
BRDA:308,6,1,3
BRDA:316,7,0,3
BRDA:316,7,1,14
BRF:14
BRH:13
end_of_record
TN:
SF:src\screens\StockCheckIn\useStockCheckInState.ts
FN:5,useStockCheckInState
FN:7,loadInitialType
FNF:2
FNH:2
FNDA:24,useStockCheckInState
FNDA:24,loadInitialType
DA:1,1
DA:5,1
DA:6,24
DA:8,24
DA:9,24
DA:14,24
DA:16,0
DA:19,24
DA:22,24
DA:23,24
DA:24,24
DA:25,24
DA:26,24
DA:27,24
DA:28,24
LF:15
LH:14
BRDA:9,0,0,24
BRDA:9,0,1,0
BRDA:10,1,0,24
BRDA:10,1,1,0
BRDA:10,1,2,0
BRF:5
BRH:2
end_of_record
TN:
SF:src\screens\StockCheckIn\AdminSignature\AdminSignature.tsx
FN:10,AdminSignature
FN:17,handleSignatureDone
FN:21,clearSignature
FN:25,(anonymous_3)
FN:26,(anonymous_4)
FNF:5
FNH:4
FNDA:3,AdminSignature
FNDA:1,handleSignatureDone
FNDA:0,clearSignature
FNDA:1,(anonymous_3)
FNDA:1,(anonymous_4)
DA:1,1
DA:2,1
DA:3,1
DA:4,1
DA:5,1
DA:6,1
DA:8,1
DA:11,3
DA:13,3
DA:15,3
DA:18,1
DA:19,1
DA:22,0
DA:23,0
DA:25,3
DA:26,1
DA:27,1
DA:31,3
DA:66,1
LF:19
LH:17
BRDA:18,0,0,1
BRDA:18,0,1,1
BRF:2
BRH:2
end_of_record
TN:
SF:src\screens\StockCheckIn\AttachmentTable\AttachmentTable.tsx
FN:11,AttachmentTable
FN:16,handleClick
FN:28,(anonymous_2)
FNF:3
FNH:1
FNDA:2,AttachmentTable
FNDA:0,handleClick
FNDA:0,(anonymous_2)
DA:1,1
DA:2,1
DA:3,1
DA:4,1
DA:5,1
DA:6,1
DA:7,1
DA:9,1
DA:12,2
DA:13,2
DA:14,2
DA:17,0
DA:18,0
DA:21,2
DA:29,0
DA:47,1
LF:16
LH:13
BRF:0
BRH:0
end_of_record
TN:
SF:src\screens\StockCheckIn\PendingSelectionGrid\PendingSelectionGrid.tsx
FN:5,PendingSelectionGrid
FNF:1
FNH:1
FNDA:5,PendingSelectionGrid
DA:1,1
DA:2,1
DA:13,5
DA:15,5
DA:27,1
LF:5
LH:5
BRF:0
BRH:0
end_of_record
TN:
SF:src\screens\StockCheckIn\StockTable\StockTable.tsx
FN:7,StockTable
FNF:1
FNH:1
FNDA:2,StockTable
DA:1,1
DA:2,1
DA:3,1
DA:5,1
DA:8,2
DA:10,2
DA:24,1
LF:7
LH:7
BRF:0
BRH:0
end_of_record
TN:
SF:src\screens\StockCheckIn\TransactionTable\TransactionTable.tsx
FN:7,TransactionTable
FNF:1
FNH:1
FNDA:2,TransactionTable
DA:1,1
DA:2,1
DA:4,1
DA:5,1
DA:6,1
DA:8,2
DA:10,2
DA:24,1
LF:8
LH:8
BRF:0
BRH:0
end_of_record
TN:
SF:src\utilities\checkApiError.ts
FN:3,checkApiError
FNF:1
FNH:1
FNDA:4,checkApiError
DA:3,1
DA:4,4
DA:5,0
LF:3
LH:2
BRDA:4,0,0,0
BRF:1
BRH:0
end_of_record
TN:
SF:src\utilities\getAttachmentRowId.ts
FN:3,getAttachmentRowId
FNF:1
FNH:0
FNDA:0,getAttachmentRowId
DA:3,1
DA:4,0
DA:5,0
DA:7,0
LF:4
LH:1
BRDA:4,0,0,0
BRDA:4,0,1,0
BRF:2
BRH:0
end_of_record
TN:
SF:src\utilities\getStockRowId.ts
FN:3,getStockRowId
FNF:1
FNH:0
FNDA:0,getStockRowId
DA:3,1
DA:4,0
DA:5,0
DA:7,0
LF:4
LH:1
BRDA:4,0,0,0
BRDA:4,0,1,0
BRF:2
BRH:0
end_of_record
TN:
SF:src\utilities\getTransactionRowId.ts
FN:3,getTransactionRowId
FNF:1
FNH:1
FNDA:10,getTransactionRowId
DA:3,1
DA:4,10
DA:5,10
DA:7,0
LF:4
LH:3
BRDA:4,0,0,10
BRDA:4,0,1,0
BRF:2
BRH:1
end_of_record
TN:
SF:src\utilities\sendNotification.ts
FN:5,sendNotification
FNF:1
FNH:1
FNDA:1,sendNotification
DA:2,1
DA:3,1
DA:5,1
DA:6,1
DA:7,1
DA:15,1
DA:16,1
DA:18,0
LF:8
LH:7
BRF:0
BRH:0
end_of_record
TN:
SF:src\utilities\timelineRoutes.ts
FNF:0
FNH:0
DA:1,1
DA:2,1
DA:4,1
DA:6,1
LF:4
LH:4
BRF:0
BRH:0
end_of_record
TN:
SF:src\utilities\timelineSteps.ts
FNF:0
FNH:0
DA:1,1
DA:6,1
DA:14,1
DA:21,1
LF:4
LH:4
BRF:0
BRH:0
end_of_record
TN:
SF:src\utilities\AttachmentColDef\AttachmentColDef.tsx
FN:15,(anonymous_0)
FN:21,(anonymous_1)
FN:31,(anonymous_2)
FN:35,(anonymous_3)
FN:50,AttachmentStack
FN:60,(anonymous_5)
FNF:6
FNH:3
FNDA:2,(anonymous_0)
FNDA:2,(anonymous_1)
FNDA:2,(anonymous_2)
FNDA:0,(anonymous_3)
FNDA:0,AttachmentStack
FNDA:0,(anonymous_5)
DA:1,1
DA:2,1
DA:3,1
DA:9,1
DA:10,1
DA:13,1
DA:15,2
DA:22,2
DA:32,2
DA:36,0
DA:51,0
DA:52,0
DA:61,0
LF:13
LH:9
BRDA:22,0,0,2
BRDA:22,0,1,0
BRDA:32,1,0,2
BRDA:32,1,1,0
BRDA:39,2,0,0
BRDA:39,2,1,0
BRF:6
BRH:2
end_of_record
TN:
SF:src\utilities\StockColDef\StockColDef.tsx
FN:10,(anonymous_0)
FN:21,(anonymous_1)
FN:33,(anonymous_2)
FNF:3
FNH:3
FNDA:2,(anonymous_0)
FNDA:2,(anonymous_1)
FNDA:2,(anonymous_2)
DA:2,1
DA:4,1
DA:11,2
DA:22,2
DA:34,2
LF:5
LH:5
BRDA:11,0,0,2
BRDA:11,0,1,0
BRDA:22,1,0,2
BRDA:22,1,1,0
BRDA:34,2,0,2
BRDA:34,2,1,0
BRF:6
BRH:3
end_of_record
TN:
SF:src\utilities\TransactionColDef\TransactionColDef.tsx
FN:20,(anonymous_0)
FN:28,(anonymous_1)
FN:32,(anonymous_2)
FN:44,(anonymous_3)
FN:47,(anonymous_4)
FN:55,(anonymous_5)
FN:60,(anonymous_6)
FN:71,PaymentGrid
FNF:8
FNH:8
FNDA:2,(anonymous_0)
FNDA:2,(anonymous_1)
FNDA:10,(anonymous_2)
FNDA:2,(anonymous_3)
FNDA:10,(anonymous_4)
FNDA:2,(anonymous_5)
FNDA:10,(anonymous_6)
FNDA:10,PaymentGrid
DA:6,1
DA:7,1
DA:14,1
DA:21,2
DA:29,2
DA:33,10
DA:45,2
DA:48,10
DA:56,2
DA:63,10
DA:72,10
LF:11
LH:11
BRDA:21,0,0,2
BRDA:21,0,1,0
BRDA:29,1,0,2
BRDA:29,1,1,0
BRDA:45,2,0,2
BRDA:45,2,1,0
BRDA:56,3,0,2
BRDA:56,3,1,0
BRDA:63,4,0,10
BRDA:63,4,1,0
BRF:10
BRH:5
end_of_record
